[2026-06-15T16:32:35.322+0000] {processor.py:186} INFO - Started process (PID=327) to work on /opt/airflow/dags/etl_core.py
[2026-06-15T16:32:35.325+0000] {processor.py:914} INFO - Processing file /opt/airflow/dags/etl_core.py for tasks to queue
[2026-06-15T16:32:35.328+0000] {logging_mixin.py:190} INFO - [2026-06-15T16:32:35.328+0000] {dagbag.py:588} INFO - Filling up the DagBag from /opt/airflow/dags/etl_core.py
[2026-06-15T16:32:35.370+0000] {logging_mixin.py:190} INFO - [2026-06-15T16:32:35.361+0000] {dagbag.py:387} ERROR - Failed to import: /opt/airflow/dags/etl_core.py
Traceback (most recent call last):
  File "/home/airflow/.local/lib/python3.12/site-packages/airflow/models/dagbag.py", line 383, in parse
    loader.exec_module(new_module)
  File "<frozen importlib._bootstrap_external>", line 999, in exec_module
  File "<frozen importlib._bootstrap>", line 488, in _call_with_frames_removed
  File "/opt/airflow/dags/etl_core.py", line 4, in <module>
    from airflow.providers.standard.operators.python import PythonOperator
ModuleNotFoundError: No module named 'airflow.providers.standard'
[2026-06-15T16:32:35.467+0000] {processor.py:927} WARNING - No viable dags retrieved from /opt/airflow/dags/etl_core.py
[2026-06-15T16:32:35.548+0000] {processor.py:208} INFO - Processing /opt/airflow/dags/etl_core.py took 0.239 seconds
[2026-06-15T16:32:39.448+0000] {processor.py:186} INFO - Started process (PID=332) to work on /opt/airflow/dags/etl_core.py
[2026-06-15T16:32:39.450+0000] {processor.py:914} INFO - Processing file /opt/airflow/dags/etl_core.py for tasks to queue
[2026-06-15T16:32:39.453+0000] {logging_mixin.py:190} INFO - [2026-06-15T16:32:39.453+0000] {dagbag.py:588} INFO - Filling up the DagBag from /opt/airflow/dags/etl_core.py
[2026-06-15T16:32:39.500+0000] {logging_mixin.py:190} INFO - [2026-06-15T16:32:39.492+0000] {dagbag.py:387} ERROR - Failed to import: /opt/airflow/dags/etl_core.py
Traceback (most recent call last):
  File "/home/airflow/.local/lib/python3.12/site-packages/airflow/models/dagbag.py", line 383, in parse
    loader.exec_module(new_module)
  File "<frozen importlib._bootstrap_external>", line 999, in exec_module
  File "<frozen importlib._bootstrap>", line 488, in _call_with_frames_removed
  File "/opt/airflow/dags/etl_core.py", line 4, in <module>
    from airflow.providers.standard.operators.python import PythonOperator
ModuleNotFoundError: No module named 'airflow.providers.standard'
[2026-06-15T16:32:39.504+0000] {processor.py:927} WARNING - No viable dags retrieved from /opt/airflow/dags/etl_core.py
[2026-06-15T16:32:39.570+0000] {processor.py:208} INFO - Processing /opt/airflow/dags/etl_core.py took 0.134 seconds
[2026-06-15T16:33:10.178+0000] {processor.py:186} INFO - Started process (PID=342) to work on /opt/airflow/dags/etl_core.py
[2026-06-15T16:33:10.181+0000] {processor.py:914} INFO - Processing file /opt/airflow/dags/etl_core.py for tasks to queue
[2026-06-15T16:33:10.184+0000] {logging_mixin.py:190} INFO - [2026-06-15T16:33:10.183+0000] {dagbag.py:588} INFO - Filling up the DagBag from /opt/airflow/dags/etl_core.py
[2026-06-15T16:33:10.226+0000] {logging_mixin.py:190} INFO - [2026-06-15T16:33:10.217+0000] {dagbag.py:387} ERROR - Failed to import: /opt/airflow/dags/etl_core.py
Traceback (most recent call last):
  File "/home/airflow/.local/lib/python3.12/site-packages/airflow/models/dagbag.py", line 383, in parse
    loader.exec_module(new_module)
  File "<frozen importlib._bootstrap_external>", line 999, in exec_module
  File "<frozen importlib._bootstrap>", line 488, in _call_with_frames_removed
  File "/opt/airflow/dags/etl_core.py", line 4, in <module>
    from airflow.providers.standard.operators.python import PythonOperator
ModuleNotFoundError: No module named 'airflow.providers.standard'
[2026-06-15T16:33:10.230+0000] {processor.py:927} WARNING - No viable dags retrieved from /opt/airflow/dags/etl_core.py
[2026-06-15T16:33:10.311+0000] {processor.py:208} INFO - Processing /opt/airflow/dags/etl_core.py took 0.147 seconds
[2026-06-15T16:33:40.914+0000] {processor.py:186} INFO - Started process (PID=352) to work on /opt/airflow/dags/etl_core.py
[2026-06-15T16:33:40.916+0000] {processor.py:914} INFO - Processing file /opt/airflow/dags/etl_core.py for tasks to queue
[2026-06-15T16:33:40.919+0000] {logging_mixin.py:190} INFO - [2026-06-15T16:33:40.919+0000] {dagbag.py:588} INFO - Filling up the DagBag from /opt/airflow/dags/etl_core.py
[2026-06-15T16:33:40.948+0000] {logging_mixin.py:190} INFO - [2026-06-15T16:33:40.941+0000] {dagbag.py:387} ERROR - Failed to import: /opt/airflow/dags/etl_core.py
Traceback (most recent call last):
  File "/home/airflow/.local/lib/python3.12/site-packages/airflow/models/dagbag.py", line 383, in parse
    loader.exec_module(new_module)
  File "<frozen importlib._bootstrap_external>", line 999, in exec_module
  File "<frozen importlib._bootstrap>", line 488, in _call_with_frames_removed
  File "/opt/airflow/dags/etl_core.py", line 4, in <module>
    from airflow.providers.standard.operators.python import PythonOperator
ModuleNotFoundError: No module named 'airflow.providers.standard'
[2026-06-15T16:33:40.951+0000] {processor.py:927} WARNING - No viable dags retrieved from /opt/airflow/dags/etl_core.py
[2026-06-15T16:33:41.007+0000] {processor.py:208} INFO - Processing /opt/airflow/dags/etl_core.py took 0.101 seconds
[2026-06-15T16:34:11.562+0000] {processor.py:186} INFO - Started process (PID=362) to work on /opt/airflow/dags/etl_core.py
[2026-06-15T16:34:11.564+0000] {processor.py:914} INFO - Processing file /opt/airflow/dags/etl_core.py for tasks to queue
[2026-06-15T16:34:11.569+0000] {logging_mixin.py:190} INFO - [2026-06-15T16:34:11.568+0000] {dagbag.py:588} INFO - Filling up the DagBag from /opt/airflow/dags/etl_core.py
[2026-06-15T16:34:11.600+0000] {logging_mixin.py:190} INFO - [2026-06-15T16:34:11.593+0000] {dagbag.py:387} ERROR - Failed to import: /opt/airflow/dags/etl_core.py
Traceback (most recent call last):
  File "/home/airflow/.local/lib/python3.12/site-packages/airflow/models/dagbag.py", line 383, in parse
    loader.exec_module(new_module)
  File "<frozen importlib._bootstrap_external>", line 999, in exec_module
  File "<frozen importlib._bootstrap>", line 488, in _call_with_frames_removed
  File "/opt/airflow/dags/etl_core.py", line 4, in <module>
    from airflow.providers.standard.operators.python import PythonOperator
ModuleNotFoundError: No module named 'airflow.providers.standard'
[2026-06-15T16:34:11.602+0000] {processor.py:927} WARNING - No viable dags retrieved from /opt/airflow/dags/etl_core.py
[2026-06-15T16:34:11.692+0000] {processor.py:208} INFO - Processing /opt/airflow/dags/etl_core.py took 0.143 seconds
[2026-06-15T16:34:42.202+0000] {processor.py:186} INFO - Started process (PID=372) to work on /opt/airflow/dags/etl_core.py
[2026-06-15T16:34:42.204+0000] {processor.py:914} INFO - Processing file /opt/airflow/dags/etl_core.py for tasks to queue
[2026-06-15T16:34:42.207+0000] {logging_mixin.py:190} INFO - [2026-06-15T16:34:42.207+0000] {dagbag.py:588} INFO - Filling up the DagBag from /opt/airflow/dags/etl_core.py
[2026-06-15T16:34:42.235+0000] {logging_mixin.py:190} INFO - [2026-06-15T16:34:42.227+0000] {dagbag.py:387} ERROR - Failed to import: /opt/airflow/dags/etl_core.py
Traceback (most recent call last):
  File "/home/airflow/.local/lib/python3.12/site-packages/airflow/models/dagbag.py", line 383, in parse
    loader.exec_module(new_module)
  File "<frozen importlib._bootstrap_external>", line 999, in exec_module
  File "<frozen importlib._bootstrap>", line 488, in _call_with_frames_removed
  File "/opt/airflow/dags/etl_core.py", line 4, in <module>
    from airflow.providers.standard.operators.python import PythonOperator
ModuleNotFoundError: No module named 'airflow.providers.standard'
[2026-06-15T16:34:42.238+0000] {processor.py:927} WARNING - No viable dags retrieved from /opt/airflow/dags/etl_core.py
[2026-06-15T16:34:42.299+0000] {processor.py:208} INFO - Processing /opt/airflow/dags/etl_core.py took 0.106 seconds
[2026-06-15T16:35:12.831+0000] {processor.py:186} INFO - Started process (PID=382) to work on /opt/airflow/dags/etl_core.py
[2026-06-15T16:35:12.834+0000] {processor.py:914} INFO - Processing file /opt/airflow/dags/etl_core.py for tasks to queue
[2026-06-15T16:35:12.837+0000] {logging_mixin.py:190} INFO - [2026-06-15T16:35:12.836+0000] {dagbag.py:588} INFO - Filling up the DagBag from /opt/airflow/dags/etl_core.py
[2026-06-15T16:35:12.881+0000] {logging_mixin.py:190} INFO - [2026-06-15T16:35:12.871+0000] {dagbag.py:387} ERROR - Failed to import: /opt/airflow/dags/etl_core.py
Traceback (most recent call last):
  File "/home/airflow/.local/lib/python3.12/site-packages/airflow/models/dagbag.py", line 383, in parse
    loader.exec_module(new_module)
  File "<frozen importlib._bootstrap_external>", line 999, in exec_module
  File "<frozen importlib._bootstrap>", line 488, in _call_with_frames_removed
  File "/opt/airflow/dags/etl_core.py", line 4, in <module>
    from airflow.providers.standard.operators.python import PythonOperator
ModuleNotFoundError: No module named 'airflow.providers.standard'
[2026-06-15T16:35:12.884+0000] {processor.py:927} WARNING - No viable dags retrieved from /opt/airflow/dags/etl_core.py
[2026-06-15T16:35:12.949+0000] {processor.py:208} INFO - Processing /opt/airflow/dags/etl_core.py took 0.127 seconds
[2026-06-15T16:35:43.581+0000] {processor.py:186} INFO - Started process (PID=392) to work on /opt/airflow/dags/etl_core.py
[2026-06-15T16:35:43.588+0000] {processor.py:914} INFO - Processing file /opt/airflow/dags/etl_core.py for tasks to queue
[2026-06-15T16:35:43.598+0000] {logging_mixin.py:190} INFO - [2026-06-15T16:35:43.595+0000] {dagbag.py:588} INFO - Filling up the DagBag from /opt/airflow/dags/etl_core.py
[2026-06-15T16:35:43.674+0000] {logging_mixin.py:190} INFO - [2026-06-15T16:35:43.663+0000] {dagbag.py:387} ERROR - Failed to import: /opt/airflow/dags/etl_core.py
Traceback (most recent call last):
  File "/home/airflow/.local/lib/python3.12/site-packages/airflow/models/dagbag.py", line 383, in parse
    loader.exec_module(new_module)
  File "<frozen importlib._bootstrap_external>", line 999, in exec_module
  File "<frozen importlib._bootstrap>", line 488, in _call_with_frames_removed
  File "/opt/airflow/dags/etl_core.py", line 4, in <module>
    from airflow.providers.standard.operators.python import PythonOperator
ModuleNotFoundError: No module named 'airflow.providers.standard'
[2026-06-15T16:35:43.678+0000] {processor.py:927} WARNING - No viable dags retrieved from /opt/airflow/dags/etl_core.py
[2026-06-15T16:35:43.752+0000] {processor.py:208} INFO - Processing /opt/airflow/dags/etl_core.py took 0.206 seconds
[2026-06-15T16:36:14.122+0000] {processor.py:186} INFO - Started process (PID=402) to work on /opt/airflow/dags/etl_core.py
[2026-06-15T16:36:14.125+0000] {processor.py:914} INFO - Processing file /opt/airflow/dags/etl_core.py for tasks to queue
[2026-06-15T16:36:14.128+0000] {logging_mixin.py:190} INFO - [2026-06-15T16:36:14.127+0000] {dagbag.py:588} INFO - Filling up the DagBag from /opt/airflow/dags/etl_core.py
[2026-06-15T16:36:14.161+0000] {logging_mixin.py:190} INFO - [2026-06-15T16:36:14.154+0000] {dagbag.py:387} ERROR - Failed to import: /opt/airflow/dags/etl_core.py
Traceback (most recent call last):
  File "/home/airflow/.local/lib/python3.12/site-packages/airflow/models/dagbag.py", line 383, in parse
    loader.exec_module(new_module)
  File "<frozen importlib._bootstrap_external>", line 999, in exec_module
  File "<frozen importlib._bootstrap>", line 488, in _call_with_frames_removed
  File "/opt/airflow/dags/etl_core.py", line 4, in <module>
    from airflow.providers.standard.operators.python import PythonOperator
ModuleNotFoundError: No module named 'airflow.providers.standard'
[2026-06-15T16:36:14.164+0000] {processor.py:927} WARNING - No viable dags retrieved from /opt/airflow/dags/etl_core.py
[2026-06-15T16:36:14.226+0000] {processor.py:208} INFO - Processing /opt/airflow/dags/etl_core.py took 0.116 seconds
[2026-06-15T16:36:44.769+0000] {processor.py:186} INFO - Started process (PID=412) to work on /opt/airflow/dags/etl_core.py
[2026-06-15T16:36:44.771+0000] {processor.py:914} INFO - Processing file /opt/airflow/dags/etl_core.py for tasks to queue
[2026-06-15T16:36:44.774+0000] {logging_mixin.py:190} INFO - [2026-06-15T16:36:44.774+0000] {dagbag.py:588} INFO - Filling up the DagBag from /opt/airflow/dags/etl_core.py
[2026-06-15T16:36:44.802+0000] {logging_mixin.py:190} INFO - [2026-06-15T16:36:44.795+0000] {dagbag.py:387} ERROR - Failed to import: /opt/airflow/dags/etl_core.py
Traceback (most recent call last):
  File "/home/airflow/.local/lib/python3.12/site-packages/airflow/models/dagbag.py", line 383, in parse
    loader.exec_module(new_module)
  File "<frozen importlib._bootstrap_external>", line 999, in exec_module
  File "<frozen importlib._bootstrap>", line 488, in _call_with_frames_removed
  File "/opt/airflow/dags/etl_core.py", line 4, in <module>
    from airflow.providers.standard.operators.python import PythonOperator
ModuleNotFoundError: No module named 'airflow.providers.standard'
[2026-06-15T16:36:44.805+0000] {processor.py:927} WARNING - No viable dags retrieved from /opt/airflow/dags/etl_core.py
[2026-06-15T16:36:44.873+0000] {processor.py:208} INFO - Processing /opt/airflow/dags/etl_core.py took 0.117 seconds
[2026-06-15T16:37:15.472+0000] {processor.py:186} INFO - Started process (PID=422) to work on /opt/airflow/dags/etl_core.py
[2026-06-15T16:37:15.474+0000] {processor.py:914} INFO - Processing file /opt/airflow/dags/etl_core.py for tasks to queue
[2026-06-15T16:37:15.477+0000] {logging_mixin.py:190} INFO - [2026-06-15T16:37:15.477+0000] {dagbag.py:588} INFO - Filling up the DagBag from /opt/airflow/dags/etl_core.py
[2026-06-15T16:37:15.508+0000] {logging_mixin.py:190} INFO - [2026-06-15T16:37:15.500+0000] {dagbag.py:387} ERROR - Failed to import: /opt/airflow/dags/etl_core.py
Traceback (most recent call last):
  File "/home/airflow/.local/lib/python3.12/site-packages/airflow/models/dagbag.py", line 383, in parse
    loader.exec_module(new_module)
  File "<frozen importlib._bootstrap_external>", line 999, in exec_module
  File "<frozen importlib._bootstrap>", line 488, in _call_with_frames_removed
  File "/opt/airflow/dags/etl_core.py", line 4, in <module>
    from airflow.providers.standard.operators.python import PythonOperator
ModuleNotFoundError: No module named 'airflow.providers.standard'
[2026-06-15T16:37:15.511+0000] {processor.py:927} WARNING - No viable dags retrieved from /opt/airflow/dags/etl_core.py
[2026-06-15T16:37:15.571+0000] {processor.py:208} INFO - Processing /opt/airflow/dags/etl_core.py took 0.111 seconds
[2026-06-15T16:37:46.259+0000] {processor.py:186} INFO - Started process (PID=432) to work on /opt/airflow/dags/etl_core.py
[2026-06-15T16:37:46.261+0000] {processor.py:914} INFO - Processing file /opt/airflow/dags/etl_core.py for tasks to queue
[2026-06-15T16:37:46.265+0000] {logging_mixin.py:190} INFO - [2026-06-15T16:37:46.264+0000] {dagbag.py:588} INFO - Filling up the DagBag from /opt/airflow/dags/etl_core.py
[2026-06-15T16:37:46.305+0000] {logging_mixin.py:190} INFO - [2026-06-15T16:37:46.295+0000] {dagbag.py:387} ERROR - Failed to import: /opt/airflow/dags/etl_core.py
Traceback (most recent call last):
  File "/home/airflow/.local/lib/python3.12/site-packages/airflow/models/dagbag.py", line 383, in parse
    loader.exec_module(new_module)
  File "<frozen importlib._bootstrap_external>", line 999, in exec_module
  File "<frozen importlib._bootstrap>", line 488, in _call_with_frames_removed
  File "/opt/airflow/dags/etl_core.py", line 4, in <module>
    from airflow.providers.standard.operators.python import PythonOperator
ModuleNotFoundError: No module named 'airflow.providers.standard'
[2026-06-15T16:37:46.309+0000] {processor.py:927} WARNING - No viable dags retrieved from /opt/airflow/dags/etl_core.py
[2026-06-15T16:37:46.366+0000] {processor.py:208} INFO - Processing /opt/airflow/dags/etl_core.py took 0.117 seconds
[2026-06-15T16:38:16.985+0000] {processor.py:186} INFO - Started process (PID=442) to work on /opt/airflow/dags/etl_core.py
[2026-06-15T16:38:16.988+0000] {processor.py:914} INFO - Processing file /opt/airflow/dags/etl_core.py for tasks to queue
[2026-06-15T16:38:16.990+0000] {logging_mixin.py:190} INFO - [2026-06-15T16:38:16.990+0000] {dagbag.py:588} INFO - Filling up the DagBag from /opt/airflow/dags/etl_core.py
[2026-06-15T16:38:17.030+0000] {logging_mixin.py:190} INFO - [2026-06-15T16:38:17.022+0000] {dagbag.py:387} ERROR - Failed to import: /opt/airflow/dags/etl_core.py
Traceback (most recent call last):
  File "/home/airflow/.local/lib/python3.12/site-packages/airflow/models/dagbag.py", line 383, in parse
    loader.exec_module(new_module)
  File "<frozen importlib._bootstrap_external>", line 999, in exec_module
  File "<frozen importlib._bootstrap>", line 488, in _call_with_frames_removed
  File "/opt/airflow/dags/etl_core.py", line 4, in <module>
    from airflow.providers.standard.operators.python import PythonOperator
ModuleNotFoundError: No module named 'airflow.providers.standard'
[2026-06-15T16:38:17.033+0000] {processor.py:927} WARNING - No viable dags retrieved from /opt/airflow/dags/etl_core.py
[2026-06-15T16:38:17.185+0000] {processor.py:208} INFO - Processing /opt/airflow/dags/etl_core.py took 0.210 seconds
[2026-06-15T16:38:40.443+0000] {processor.py:186} INFO - Started process (PID=452) to work on /opt/airflow/dags/etl_core.py
[2026-06-15T16:38:40.446+0000] {processor.py:914} INFO - Processing file /opt/airflow/dags/etl_core.py for tasks to queue
[2026-06-15T16:38:40.450+0000] {logging_mixin.py:190} INFO - [2026-06-15T16:38:40.449+0000] {dagbag.py:588} INFO - Filling up the DagBag from /opt/airflow/dags/etl_core.py
[2026-06-15T16:38:40.522+0000] {processor.py:925} INFO - DAG(s) 'load_core_layer' retrieved from /opt/airflow/dags/etl_core.py
[2026-06-15T16:38:40.780+0000] {logging_mixin.py:190} INFO - [2026-06-15T16:38:40.777+0000] {override.py:1912} INFO - Created Permission View: can read on DAG:load_core_layer
[2026-06-15T16:38:40.828+0000] {logging_mixin.py:190} INFO - [2026-06-15T16:38:40.827+0000] {override.py:1912} INFO - Created Permission View: can delete on DAG:load_core_layer
[2026-06-15T16:38:40.876+0000] {logging_mixin.py:190} INFO - [2026-06-15T16:38:40.876+0000] {override.py:1912} INFO - Created Permission View: can edit on DAG:load_core_layer
[2026-06-15T16:38:40.955+0000] {logging_mixin.py:190} INFO - [2026-06-15T16:38:40.954+0000] {override.py:1912} INFO - Created Permission View: can create on DAG Run:load_core_layer
[2026-06-15T16:38:40.993+0000] {logging_mixin.py:190} INFO - [2026-06-15T16:38:40.992+0000] {override.py:1912} INFO - Created Permission View: menu access on DAG Run:load_core_layer
[2026-06-15T16:38:41.042+0000] {logging_mixin.py:190} INFO - [2026-06-15T16:38:41.042+0000] {override.py:1912} INFO - Created Permission View: can read on DAG Run:load_core_layer
[2026-06-15T16:38:41.082+0000] {logging_mixin.py:190} INFO - [2026-06-15T16:38:41.081+0000] {override.py:1912} INFO - Created Permission View: can delete on DAG Run:load_core_layer
[2026-06-15T16:38:41.083+0000] {logging_mixin.py:190} INFO - [2026-06-15T16:38:41.083+0000] {dag.py:3239} INFO - Sync 1 DAGs
[2026-06-15T16:38:41.103+0000] {logging_mixin.py:190} INFO - [2026-06-15T16:38:41.103+0000] {dag.py:3262} INFO - Creating ORM DAG for load_core_layer
[2026-06-15T16:38:41.119+0000] {logging_mixin.py:190} INFO - [2026-06-15T16:38:41.118+0000] {dag.py:4180} INFO - Setting next_dagrun for load_core_layer to 2026-06-14 00:00:00+00:00, run_after=2026-06-15 00:00:00+00:00
[2026-06-15T16:38:41.209+0000] {processor.py:208} INFO - Processing /opt/airflow/dags/etl_core.py took 0.779 seconds
[2026-06-15T16:38:48.717+0000] {processor.py:186} INFO - Started process (PID=457) to work on /opt/airflow/dags/etl_core.py
[2026-06-15T16:38:48.720+0000] {processor.py:914} INFO - Processing file /opt/airflow/dags/etl_core.py for tasks to queue
[2026-06-15T16:38:48.724+0000] {logging_mixin.py:190} INFO - [2026-06-15T16:38:48.723+0000] {dagbag.py:588} INFO - Filling up the DagBag from /opt/airflow/dags/etl_core.py
[2026-06-15T16:38:48.760+0000] {logging_mixin.py:190} INFO - [2026-06-15T16:38:48.757+0000] {dagbag.py:387} ERROR - Failed to import: /opt/airflow/dags/etl_core.py
Traceback (most recent call last):
  File "/home/airflow/.local/lib/python3.12/site-packages/airflow/models/dagbag.py", line 383, in parse
    loader.exec_module(new_module)
  File "<frozen importlib._bootstrap_external>", line 995, in exec_module
  File "<frozen importlib._bootstrap_external>", line 1133, in get_code
  File "<frozen importlib._bootstrap_external>", line 1063, in source_to_code
  File "<frozen importlib._bootstrap>", line 488, in _call_with_frames_removed
  File "/opt/airflow/dags/etl_core.py", line 4
    from airflow. import PythonOperator
                  ^^^^^^
SyntaxError: invalid syntax
[2026-06-15T16:38:48.763+0000] {processor.py:927} WARNING - No viable dags retrieved from /opt/airflow/dags/etl_core.py
[2026-06-15T16:38:48.829+0000] {processor.py:208} INFO - Processing /opt/airflow/dags/etl_core.py took 0.120 seconds
[2026-06-15T16:38:51.801+0000] {processor.py:186} INFO - Started process (PID=467) to work on /opt/airflow/dags/etl_core.py
[2026-06-15T16:38:51.804+0000] {processor.py:914} INFO - Processing file /opt/airflow/dags/etl_core.py for tasks to queue
[2026-06-15T16:38:51.807+0000] {logging_mixin.py:190} INFO - [2026-06-15T16:38:51.807+0000] {dagbag.py:588} INFO - Filling up the DagBag from /opt/airflow/dags/etl_core.py
[2026-06-15T16:38:51.853+0000] {logging_mixin.py:190} INFO - [2026-06-15T16:38:51.851+0000] {dagbag.py:387} ERROR - Failed to import: /opt/airflow/dags/etl_core.py
Traceback (most recent call last):
  File "/home/airflow/.local/lib/python3.12/site-packages/airflow/models/dagbag.py", line 383, in parse
    loader.exec_module(new_module)
  File "<frozen importlib._bootstrap_external>", line 995, in exec_module
  File "<frozen importlib._bootstrap_external>", line 1133, in get_code
  File "<frozen importlib._bootstrap_external>", line 1063, in source_to_code
  File "<frozen importlib._bootstrap>", line 488, in _call_with_frames_removed
  File "/opt/airflow/dags/etl_core.py", line 4
    from airflow. import PythonOperator
                  ^^^^^^
SyntaxError: invalid syntax
[2026-06-15T16:38:51.855+0000] {processor.py:927} WARNING - No viable dags retrieved from /opt/airflow/dags/etl_core.py
[2026-06-15T16:38:51.914+0000] {processor.py:208} INFO - Processing /opt/airflow/dags/etl_core.py took 0.125 seconds
[2026-06-15T16:39:01.162+0000] {processor.py:186} INFO - Started process (PID=472) to work on /opt/airflow/dags/etl_core.py
[2026-06-15T16:39:01.165+0000] {processor.py:914} INFO - Processing file /opt/airflow/dags/etl_core.py for tasks to queue
[2026-06-15T16:39:01.168+0000] {logging_mixin.py:190} INFO - [2026-06-15T16:39:01.167+0000] {dagbag.py:588} INFO - Filling up the DagBag from /opt/airflow/dags/etl_core.py
[2026-06-15T16:39:01.218+0000] {logging_mixin.py:190} INFO - [2026-06-15T16:39:01.211+0000] {dagbag.py:387} ERROR - Failed to import: /opt/airflow/dags/etl_core.py
Traceback (most recent call last):
  File "/home/airflow/.local/lib/python3.12/site-packages/airflow/models/dagbag.py", line 383, in parse
    loader.exec_module(new_module)
  File "<frozen importlib._bootstrap_external>", line 999, in exec_module
  File "<frozen importlib._bootstrap>", line 488, in _call_with_frames_removed
  File "/opt/airflow/dags/etl_core.py", line 4, in <module>
    from airflow.providers.p import PythonOperator
ModuleNotFoundError: No module named 'airflow.providers.p'
[2026-06-15T16:39:01.221+0000] {processor.py:927} WARNING - No viable dags retrieved from /opt/airflow/dags/etl_core.py
[2026-06-15T16:39:01.287+0000] {processor.py:208} INFO - Processing /opt/airflow/dags/etl_core.py took 0.136 seconds
[2026-06-15T16:39:02.211+0000] {processor.py:186} INFO - Started process (PID=477) to work on /opt/airflow/dags/etl_core.py
[2026-06-15T16:39:02.214+0000] {processor.py:914} INFO - Processing file /opt/airflow/dags/etl_core.py for tasks to queue
[2026-06-15T16:39:02.217+0000] {logging_mixin.py:190} INFO - [2026-06-15T16:39:02.216+0000] {dagbag.py:588} INFO - Filling up the DagBag from /opt/airflow/dags/etl_core.py
[2026-06-15T16:39:02.262+0000] {logging_mixin.py:190} INFO - [2026-06-15T16:39:02.260+0000] {dagbag.py:387} ERROR - Failed to import: /opt/airflow/dags/etl_core.py
Traceback (most recent call last):
  File "/home/airflow/.local/lib/python3.12/site-packages/airflow/models/dagbag.py", line 383, in parse
    loader.exec_module(new_module)
  File "<frozen importlib._bootstrap_external>", line 995, in exec_module
  File "<frozen importlib._bootstrap_external>", line 1133, in get_code
  File "<frozen importlib._bootstrap_external>", line 1063, in source_to_code
  File "<frozen importlib._bootstrap>", line 488, in _call_with_frames_removed
  File "/opt/airflow/dags/etl_core.py", line 4
    from airflow.providers. import PythonOperator
                            ^^^^^^
SyntaxError: invalid syntax
[2026-06-15T16:39:02.263+0000] {processor.py:927} WARNING - No viable dags retrieved from /opt/airflow/dags/etl_core.py
[2026-06-15T16:39:02.335+0000] {processor.py:208} INFO - Processing /opt/airflow/dags/etl_core.py took 0.136 seconds
[2026-06-15T16:39:06.479+0000] {processor.py:186} INFO - Started process (PID=482) to work on /opt/airflow/dags/etl_core.py
[2026-06-15T16:39:06.482+0000] {processor.py:914} INFO - Processing file /opt/airflow/dags/etl_core.py for tasks to queue
[2026-06-15T16:39:06.485+0000] {logging_mixin.py:190} INFO - [2026-06-15T16:39:06.484+0000] {dagbag.py:588} INFO - Filling up the DagBag from /opt/airflow/dags/etl_core.py
[2026-06-15T16:39:06.523+0000] {logging_mixin.py:190} INFO - [2026-06-15T16:39:06.516+0000] {dagbag.py:387} ERROR - Failed to import: /opt/airflow/dags/etl_core.py
Traceback (most recent call last):
  File "/home/airflow/.local/lib/python3.12/site-packages/airflow/models/dagbag.py", line 383, in parse
    loader.exec_module(new_module)
  File "<frozen importlib._bootstrap_external>", line 999, in exec_module
  File "<frozen importlib._bootstrap>", line 488, in _call_with_frames_removed
  File "/opt/airflow/dags/etl_core.py", line 4, in <module>
    from airflow.op import PythonOperator
ModuleNotFoundError: No module named 'airflow.op'
[2026-06-15T16:39:06.526+0000] {processor.py:927} WARNING - No viable dags retrieved from /opt/airflow/dags/etl_core.py
[2026-06-15T16:39:06.589+0000] {processor.py:208} INFO - Processing /opt/airflow/dags/etl_core.py took 0.121 seconds
[2026-06-15T16:39:07.539+0000] {processor.py:186} INFO - Started process (PID=487) to work on /opt/airflow/dags/etl_core.py
[2026-06-15T16:39:07.542+0000] {processor.py:914} INFO - Processing file /opt/airflow/dags/etl_core.py for tasks to queue
[2026-06-15T16:39:07.545+0000] {logging_mixin.py:190} INFO - [2026-06-15T16:39:07.544+0000] {dagbag.py:588} INFO - Filling up the DagBag from /opt/airflow/dags/etl_core.py
[2026-06-15T16:39:07.594+0000] {logging_mixin.py:190} INFO - [2026-06-15T16:39:07.592+0000] {dagbag.py:387} ERROR - Failed to import: /opt/airflow/dags/etl_core.py
Traceback (most recent call last):
  File "/home/airflow/.local/lib/python3.12/site-packages/airflow/models/dagbag.py", line 383, in parse
    loader.exec_module(new_module)
  File "<frozen importlib._bootstrap_external>", line 995, in exec_module
  File "<frozen importlib._bootstrap_external>", line 1133, in get_code
  File "<frozen importlib._bootstrap_external>", line 1063, in source_to_code
  File "<frozen importlib._bootstrap>", line 488, in _call_with_frames_removed
  File "/opt/airflow/dags/etl_core.py", line 4
    from airflow. import PythonOperator
                  ^^^^^^
SyntaxError: invalid syntax
[2026-06-15T16:39:07.596+0000] {processor.py:927} WARNING - No viable dags retrieved from /opt/airflow/dags/etl_core.py
[2026-06-15T16:39:07.661+0000] {processor.py:208} INFO - Processing /opt/airflow/dags/etl_core.py took 0.136 seconds
[2026-06-15T16:39:09.716+0000] {processor.py:186} INFO - Started process (PID=492) to work on /opt/airflow/dags/etl_core.py
[2026-06-15T16:39:09.718+0000] {processor.py:914} INFO - Processing file /opt/airflow/dags/etl_core.py for tasks to queue
[2026-06-15T16:39:09.721+0000] {logging_mixin.py:190} INFO - [2026-06-15T16:39:09.721+0000] {dagbag.py:588} INFO - Filling up the DagBag from /opt/airflow/dags/etl_core.py
[2026-06-15T16:39:09.765+0000] {logging_mixin.py:190} INFO - [2026-06-15T16:39:09.763+0000] {dagbag.py:387} ERROR - Failed to import: /opt/airflow/dags/etl_core.py
Traceback (most recent call last):
  File "/home/airflow/.local/lib/python3.12/site-packages/airflow/models/dagbag.py", line 383, in parse
    loader.exec_module(new_module)
  File "<frozen importlib._bootstrap_external>", line 995, in exec_module
  File "<frozen importlib._bootstrap_external>", line 1133, in get_code
  File "<frozen importlib._bootstrap_external>", line 1063, in source_to_code
  File "<frozen importlib._bootstrap>", line 488, in _call_with_frames_removed
  File "/opt/airflow/dags/etl_core.py", line 4
    from airflow. import PythonOperator
                  ^^^^^^
SyntaxError: invalid syntax
[2026-06-15T16:39:09.766+0000] {processor.py:927} WARNING - No viable dags retrieved from /opt/airflow/dags/etl_core.py
[2026-06-15T16:39:09.827+0000] {processor.py:208} INFO - Processing /opt/airflow/dags/etl_core.py took 0.124 seconds
[2026-06-15T16:39:40.454+0000] {processor.py:186} INFO - Started process (PID=502) to work on /opt/airflow/dags/etl_core.py
[2026-06-15T16:39:40.456+0000] {processor.py:914} INFO - Processing file /opt/airflow/dags/etl_core.py for tasks to queue
[2026-06-15T16:39:40.459+0000] {logging_mixin.py:190} INFO - [2026-06-15T16:39:40.458+0000] {dagbag.py:588} INFO - Filling up the DagBag from /opt/airflow/dags/etl_core.py
[2026-06-15T16:39:40.486+0000] {logging_mixin.py:190} INFO - [2026-06-15T16:39:40.484+0000] {dagbag.py:387} ERROR - Failed to import: /opt/airflow/dags/etl_core.py
Traceback (most recent call last):
  File "/home/airflow/.local/lib/python3.12/site-packages/airflow/models/dagbag.py", line 383, in parse
    loader.exec_module(new_module)
  File "<frozen importlib._bootstrap_external>", line 995, in exec_module
  File "<frozen importlib._bootstrap_external>", line 1133, in get_code
  File "<frozen importlib._bootstrap_external>", line 1063, in source_to_code
  File "<frozen importlib._bootstrap>", line 488, in _call_with_frames_removed
  File "/opt/airflow/dags/etl_core.py", line 4
    from airflow. import PythonOperator
                  ^^^^^^
SyntaxError: invalid syntax
[2026-06-15T16:39:40.488+0000] {processor.py:927} WARNING - No viable dags retrieved from /opt/airflow/dags/etl_core.py
[2026-06-15T16:39:40.543+0000] {processor.py:208} INFO - Processing /opt/airflow/dags/etl_core.py took 0.099 seconds
[2026-06-15T16:39:54.770+0000] {processor.py:186} INFO - Started process (PID=512) to work on /opt/airflow/dags/etl_core.py
[2026-06-15T16:39:54.773+0000] {processor.py:914} INFO - Processing file /opt/airflow/dags/etl_core.py for tasks to queue
[2026-06-15T16:39:54.776+0000] {logging_mixin.py:190} INFO - [2026-06-15T16:39:54.776+0000] {dagbag.py:588} INFO - Filling up the DagBag from /opt/airflow/dags/etl_core.py
[2026-06-15T16:39:54.831+0000] {logging_mixin.py:190} INFO - [2026-06-15T16:39:54.823+0000] {dagbag.py:387} ERROR - Failed to import: /opt/airflow/dags/etl_core.py
Traceback (most recent call last):
  File "/home/airflow/.local/lib/python3.12/site-packages/airflow/models/dagbag.py", line 383, in parse
    loader.exec_module(new_module)
  File "<frozen importlib._bootstrap_external>", line 999, in exec_module
  File "<frozen importlib._bootstrap>", line 488, in _call_with_frames_removed
  File "/opt/airflow/dags/etl_core.py", line 4, in <module>
    from airflow.oper import PythonOperator
ModuleNotFoundError: No module named 'airflow.oper'
[2026-06-15T16:39:54.834+0000] {processor.py:927} WARNING - No viable dags retrieved from /opt/airflow/dags/etl_core.py
[2026-06-15T16:39:54.896+0000] {processor.py:208} INFO - Processing /opt/airflow/dags/etl_core.py took 0.138 seconds
[2026-06-15T16:39:55.888+0000] {processor.py:186} INFO - Started process (PID=517) to work on /opt/airflow/dags/etl_core.py
[2026-06-15T16:39:55.891+0000] {processor.py:914} INFO - Processing file /opt/airflow/dags/etl_core.py for tasks to queue
[2026-06-15T16:39:55.894+0000] {logging_mixin.py:190} INFO - [2026-06-15T16:39:55.893+0000] {dagbag.py:588} INFO - Filling up the DagBag from /opt/airflow/dags/etl_core.py
[2026-06-15T16:39:55.947+0000] {logging_mixin.py:190} INFO - [2026-06-15T16:39:55.938+0000] {dagbag.py:387} ERROR - Failed to import: /opt/airflow/dags/etl_core.py
Traceback (most recent call last):
  File "/home/airflow/.local/lib/python3.12/site-packages/airflow/models/dagbag.py", line 383, in parse
    loader.exec_module(new_module)
  File "<frozen importlib._bootstrap_external>", line 999, in exec_module
  File "<frozen importlib._bootstrap>", line 488, in _call_with_frames_removed
  File "/opt/airflow/dags/etl_core.py", line 4, in <module>
    from airflow.opera import PythonOperator
ModuleNotFoundError: No module named 'airflow.opera'
[2026-06-15T16:39:55.951+0000] {processor.py:927} WARNING - No viable dags retrieved from /opt/airflow/dags/etl_core.py
[2026-06-15T16:39:56.013+0000] {processor.py:208} INFO - Processing /opt/airflow/dags/etl_core.py took 0.136 seconds
[2026-06-15T16:40:03.353+0000] {processor.py:186} INFO - Started process (PID=522) to work on /opt/airflow/dags/etl_core.py
[2026-06-15T16:40:03.356+0000] {processor.py:914} INFO - Processing file /opt/airflow/dags/etl_core.py for tasks to queue
[2026-06-15T16:40:03.360+0000] {logging_mixin.py:190} INFO - [2026-06-15T16:40:03.359+0000] {dagbag.py:588} INFO - Filling up the DagBag from /opt/airflow/dags/etl_core.py
[2026-06-15T16:40:03.407+0000] {logging_mixin.py:190} INFO - [2026-06-15T16:40:03.399+0000] {dagbag.py:387} ERROR - Failed to import: /opt/airflow/dags/etl_core.py
Traceback (most recent call last):
  File "/home/airflow/.local/lib/python3.12/site-packages/airflow/models/dagbag.py", line 383, in parse
    loader.exec_module(new_module)
  File "<frozen importlib._bootstrap_external>", line 999, in exec_module
  File "<frozen importlib._bootstrap>", line 488, in _call_with_frames_removed
  File "/opt/airflow/dags/etl_core.py", line 4, in <module>
    from airflow.providers.standard.operators.python import PythonOperator
ModuleNotFoundError: No module named 'airflow.providers.standard'
[2026-06-15T16:40:03.410+0000] {processor.py:927} WARNING - No viable dags retrieved from /opt/airflow/dags/etl_core.py
[2026-06-15T16:40:03.472+0000] {processor.py:208} INFO - Processing /opt/airflow/dags/etl_core.py took 0.136 seconds
[2026-06-15T16:40:34.074+0000] {processor.py:186} INFO - Started process (PID=532) to work on /opt/airflow/dags/etl_core.py
[2026-06-15T16:40:34.076+0000] {processor.py:914} INFO - Processing file /opt/airflow/dags/etl_core.py for tasks to queue
[2026-06-15T16:40:34.080+0000] {logging_mixin.py:190} INFO - [2026-06-15T16:40:34.079+0000] {dagbag.py:588} INFO - Filling up the DagBag from /opt/airflow/dags/etl_core.py
[2026-06-15T16:40:34.118+0000] {logging_mixin.py:190} INFO - [2026-06-15T16:40:34.109+0000] {dagbag.py:387} ERROR - Failed to import: /opt/airflow/dags/etl_core.py
Traceback (most recent call last):
  File "/home/airflow/.local/lib/python3.12/site-packages/airflow/models/dagbag.py", line 383, in parse
    loader.exec_module(new_module)
  File "<frozen importlib._bootstrap_external>", line 999, in exec_module
  File "<frozen importlib._bootstrap>", line 488, in _call_with_frames_removed
  File "/opt/airflow/dags/etl_core.py", line 4, in <module>
    from airflow.providers.standard.operators.python import PythonOperator
ModuleNotFoundError: No module named 'airflow.providers.standard'
[2026-06-15T16:40:34.121+0000] {processor.py:927} WARNING - No viable dags retrieved from /opt/airflow/dags/etl_core.py
[2026-06-15T16:40:34.172+0000] {processor.py:208} INFO - Processing /opt/airflow/dags/etl_core.py took 0.107 seconds
[2026-06-15T16:41:04.740+0000] {processor.py:186} INFO - Started process (PID=542) to work on /opt/airflow/dags/etl_core.py
[2026-06-15T16:41:04.742+0000] {processor.py:914} INFO - Processing file /opt/airflow/dags/etl_core.py for tasks to queue
[2026-06-15T16:41:04.745+0000] {logging_mixin.py:190} INFO - [2026-06-15T16:41:04.745+0000] {dagbag.py:588} INFO - Filling up the DagBag from /opt/airflow/dags/etl_core.py
[2026-06-15T16:41:04.790+0000] {logging_mixin.py:190} INFO - [2026-06-15T16:41:04.781+0000] {dagbag.py:387} ERROR - Failed to import: /opt/airflow/dags/etl_core.py
Traceback (most recent call last):
  File "/home/airflow/.local/lib/python3.12/site-packages/airflow/models/dagbag.py", line 383, in parse
    loader.exec_module(new_module)
  File "<frozen importlib._bootstrap_external>", line 999, in exec_module
  File "<frozen importlib._bootstrap>", line 488, in _call_with_frames_removed
  File "/opt/airflow/dags/etl_core.py", line 4, in <module>
    from airflow.providers.standard.operators.python import PythonOperator
ModuleNotFoundError: No module named 'airflow.providers.standard'
[2026-06-15T16:41:04.793+0000] {processor.py:927} WARNING - No viable dags retrieved from /opt/airflow/dags/etl_core.py
[2026-06-15T16:41:04.850+0000] {processor.py:208} INFO - Processing /opt/airflow/dags/etl_core.py took 0.118 seconds
[2026-06-15T16:41:35.417+0000] {processor.py:186} INFO - Started process (PID=552) to work on /opt/airflow/dags/etl_core.py
[2026-06-15T16:41:35.420+0000] {processor.py:914} INFO - Processing file /opt/airflow/dags/etl_core.py for tasks to queue
[2026-06-15T16:41:35.423+0000] {logging_mixin.py:190} INFO - [2026-06-15T16:41:35.422+0000] {dagbag.py:588} INFO - Filling up the DagBag from /opt/airflow/dags/etl_core.py
[2026-06-15T16:41:35.468+0000] {logging_mixin.py:190} INFO - [2026-06-15T16:41:35.457+0000] {dagbag.py:387} ERROR - Failed to import: /opt/airflow/dags/etl_core.py
Traceback (most recent call last):
  File "/home/airflow/.local/lib/python3.12/site-packages/airflow/models/dagbag.py", line 383, in parse
    loader.exec_module(new_module)
  File "<frozen importlib._bootstrap_external>", line 999, in exec_module
  File "<frozen importlib._bootstrap>", line 488, in _call_with_frames_removed
  File "/opt/airflow/dags/etl_core.py", line 4, in <module>
    from airflow.providers.standard.operators.python import PythonOperator
ModuleNotFoundError: No module named 'airflow.providers.standard'
[2026-06-15T16:41:35.472+0000] {processor.py:927} WARNING - No viable dags retrieved from /opt/airflow/dags/etl_core.py
[2026-06-15T16:41:35.607+0000] {processor.py:208} INFO - Processing /opt/airflow/dags/etl_core.py took 0.201 seconds
[2026-06-15T16:42:06.185+0000] {processor.py:186} INFO - Started process (PID=562) to work on /opt/airflow/dags/etl_core.py
[2026-06-15T16:42:06.189+0000] {processor.py:914} INFO - Processing file /opt/airflow/dags/etl_core.py for tasks to queue
[2026-06-15T16:42:06.201+0000] {logging_mixin.py:190} INFO - [2026-06-15T16:42:06.197+0000] {dagbag.py:588} INFO - Filling up the DagBag from /opt/airflow/dags/etl_core.py
[2026-06-15T16:42:06.277+0000] {logging_mixin.py:190} INFO - [2026-06-15T16:42:06.254+0000] {dagbag.py:387} ERROR - Failed to import: /opt/airflow/dags/etl_core.py
Traceback (most recent call last):
  File "/home/airflow/.local/lib/python3.12/site-packages/airflow/models/dagbag.py", line 383, in parse
    loader.exec_module(new_module)
  File "<frozen importlib._bootstrap_external>", line 999, in exec_module
  File "<frozen importlib._bootstrap>", line 488, in _call_with_frames_removed
  File "/opt/airflow/dags/etl_core.py", line 4, in <module>
    from airflow.providers.standard.operators.python import PythonOperator
ModuleNotFoundError: No module named 'airflow.providers.standard'
[2026-06-15T16:42:06.286+0000] {processor.py:927} WARNING - No viable dags retrieved from /opt/airflow/dags/etl_core.py
[2026-06-15T16:42:06.401+0000] {processor.py:208} INFO - Processing /opt/airflow/dags/etl_core.py took 0.242 seconds
[2026-06-15T16:42:37.064+0000] {processor.py:186} INFO - Started process (PID=572) to work on /opt/airflow/dags/etl_core.py
[2026-06-15T16:42:37.068+0000] {processor.py:914} INFO - Processing file /opt/airflow/dags/etl_core.py for tasks to queue
[2026-06-15T16:42:37.079+0000] {logging_mixin.py:190} INFO - [2026-06-15T16:42:37.077+0000] {dagbag.py:588} INFO - Filling up the DagBag from /opt/airflow/dags/etl_core.py
[2026-06-15T16:42:37.156+0000] {logging_mixin.py:190} INFO - [2026-06-15T16:42:37.134+0000] {dagbag.py:387} ERROR - Failed to import: /opt/airflow/dags/etl_core.py
Traceback (most recent call last):
  File "/home/airflow/.local/lib/python3.12/site-packages/airflow/models/dagbag.py", line 383, in parse
    loader.exec_module(new_module)
  File "<frozen importlib._bootstrap_external>", line 999, in exec_module
  File "<frozen importlib._bootstrap>", line 488, in _call_with_frames_removed
  File "/opt/airflow/dags/etl_core.py", line 4, in <module>
    from airflow.providers.standard.operators.python import PythonOperator
ModuleNotFoundError: No module named 'airflow.providers.standard'
[2026-06-15T16:42:37.162+0000] {processor.py:927} WARNING - No viable dags retrieved from /opt/airflow/dags/etl_core.py
[2026-06-15T16:42:37.277+0000] {processor.py:208} INFO - Processing /opt/airflow/dags/etl_core.py took 0.246 seconds
[2026-06-15T16:43:07.795+0000] {processor.py:186} INFO - Started process (PID=582) to work on /opt/airflow/dags/etl_core.py
[2026-06-15T16:43:07.806+0000] {processor.py:914} INFO - Processing file /opt/airflow/dags/etl_core.py for tasks to queue
[2026-06-15T16:43:07.816+0000] {logging_mixin.py:190} INFO - [2026-06-15T16:43:07.814+0000] {dagbag.py:588} INFO - Filling up the DagBag from /opt/airflow/dags/etl_core.py
[2026-06-15T16:43:07.915+0000] {logging_mixin.py:190} INFO - [2026-06-15T16:43:07.891+0000] {dagbag.py:387} ERROR - Failed to import: /opt/airflow/dags/etl_core.py
Traceback (most recent call last):
  File "/home/airflow/.local/lib/python3.12/site-packages/airflow/models/dagbag.py", line 383, in parse
    loader.exec_module(new_module)
  File "<frozen importlib._bootstrap_external>", line 999, in exec_module
  File "<frozen importlib._bootstrap>", line 488, in _call_with_frames_removed
  File "/opt/airflow/dags/etl_core.py", line 4, in <module>
    from airflow.providers.standard.operators.python import PythonOperator
ModuleNotFoundError: No module named 'airflow.providers.standard'
[2026-06-15T16:43:07.920+0000] {processor.py:927} WARNING - No viable dags retrieved from /opt/airflow/dags/etl_core.py
[2026-06-15T16:43:08.689+0000] {processor.py:208} INFO - Processing /opt/airflow/dags/etl_core.py took 0.960 seconds
[2026-06-15T16:43:38.927+0000] {processor.py:186} INFO - Started process (PID=592) to work on /opt/airflow/dags/etl_core.py
[2026-06-15T16:43:38.929+0000] {processor.py:914} INFO - Processing file /opt/airflow/dags/etl_core.py for tasks to queue
[2026-06-15T16:43:38.932+0000] {logging_mixin.py:190} INFO - [2026-06-15T16:43:38.932+0000] {dagbag.py:588} INFO - Filling up the DagBag from /opt/airflow/dags/etl_core.py
[2026-06-15T16:43:38.960+0000] {logging_mixin.py:190} INFO - [2026-06-15T16:43:38.953+0000] {dagbag.py:387} ERROR - Failed to import: /opt/airflow/dags/etl_core.py
Traceback (most recent call last):
  File "/home/airflow/.local/lib/python3.12/site-packages/airflow/models/dagbag.py", line 383, in parse
    loader.exec_module(new_module)
  File "<frozen importlib._bootstrap_external>", line 999, in exec_module
  File "<frozen importlib._bootstrap>", line 488, in _call_with_frames_removed
  File "/opt/airflow/dags/etl_core.py", line 4, in <module>
    from airflow.providers.standard.operators.python import PythonOperator
ModuleNotFoundError: No module named 'airflow.providers.standard'
[2026-06-15T16:43:38.962+0000] {processor.py:927} WARNING - No viable dags retrieved from /opt/airflow/dags/etl_core.py
[2026-06-15T16:43:39.425+0000] {processor.py:208} INFO - Processing /opt/airflow/dags/etl_core.py took 0.524 seconds
[2026-06-15T16:44:09.551+0000] {processor.py:186} INFO - Started process (PID=602) to work on /opt/airflow/dags/etl_core.py
[2026-06-15T16:44:09.554+0000] {processor.py:914} INFO - Processing file /opt/airflow/dags/etl_core.py for tasks to queue
[2026-06-15T16:44:09.559+0000] {logging_mixin.py:190} INFO - [2026-06-15T16:44:09.558+0000] {dagbag.py:588} INFO - Filling up the DagBag from /opt/airflow/dags/etl_core.py
[2026-06-15T16:44:09.590+0000] {logging_mixin.py:190} INFO - [2026-06-15T16:44:09.583+0000] {dagbag.py:387} ERROR - Failed to import: /opt/airflow/dags/etl_core.py
Traceback (most recent call last):
  File "/home/airflow/.local/lib/python3.12/site-packages/airflow/models/dagbag.py", line 383, in parse
    loader.exec_module(new_module)
  File "<frozen importlib._bootstrap_external>", line 999, in exec_module
  File "<frozen importlib._bootstrap>", line 488, in _call_with_frames_removed
  File "/opt/airflow/dags/etl_core.py", line 4, in <module>
    from airflow.providers.standard.operators.python import PythonOperator
ModuleNotFoundError: No module named 'airflow.providers.standard'
[2026-06-15T16:44:09.593+0000] {processor.py:927} WARNING - No viable dags retrieved from /opt/airflow/dags/etl_core.py
[2026-06-15T16:44:10.265+0000] {processor.py:208} INFO - Processing /opt/airflow/dags/etl_core.py took 0.740 seconds
[2026-06-15T16:44:40.452+0000] {processor.py:186} INFO - Started process (PID=612) to work on /opt/airflow/dags/etl_core.py
[2026-06-15T16:44:40.456+0000] {processor.py:914} INFO - Processing file /opt/airflow/dags/etl_core.py for tasks to queue
[2026-06-15T16:44:40.459+0000] {logging_mixin.py:190} INFO - [2026-06-15T16:44:40.458+0000] {dagbag.py:588} INFO - Filling up the DagBag from /opt/airflow/dags/etl_core.py
[2026-06-15T16:44:40.492+0000] {logging_mixin.py:190} INFO - [2026-06-15T16:44:40.483+0000] {dagbag.py:387} ERROR - Failed to import: /opt/airflow/dags/etl_core.py
Traceback (most recent call last):
  File "/home/airflow/.local/lib/python3.12/site-packages/airflow/models/dagbag.py", line 383, in parse
    loader.exec_module(new_module)
  File "<frozen importlib._bootstrap_external>", line 999, in exec_module
  File "<frozen importlib._bootstrap>", line 488, in _call_with_frames_removed
  File "/opt/airflow/dags/etl_core.py", line 4, in <module>
    from airflow.providers.standard.operators.python import PythonOperator
ModuleNotFoundError: No module named 'airflow.providers.standard'
[2026-06-15T16:44:40.496+0000] {processor.py:927} WARNING - No viable dags retrieved from /opt/airflow/dags/etl_core.py
[2026-06-15T16:44:41.375+0000] {processor.py:208} INFO - Processing /opt/airflow/dags/etl_core.py took 0.942 seconds
[2026-06-15T16:45:12.156+0000] {processor.py:186} INFO - Started process (PID=622) to work on /opt/airflow/dags/etl_core.py
[2026-06-15T16:45:12.159+0000] {processor.py:914} INFO - Processing file /opt/airflow/dags/etl_core.py for tasks to queue
[2026-06-15T16:45:12.163+0000] {logging_mixin.py:190} INFO - [2026-06-15T16:45:12.162+0000] {dagbag.py:588} INFO - Filling up the DagBag from /opt/airflow/dags/etl_core.py
[2026-06-15T16:45:12.197+0000] {logging_mixin.py:190} INFO - [2026-06-15T16:45:12.188+0000] {dagbag.py:387} ERROR - Failed to import: /opt/airflow/dags/etl_core.py
Traceback (most recent call last):
  File "/home/airflow/.local/lib/python3.12/site-packages/airflow/models/dagbag.py", line 383, in parse
    loader.exec_module(new_module)
  File "<frozen importlib._bootstrap_external>", line 999, in exec_module
  File "<frozen importlib._bootstrap>", line 488, in _call_with_frames_removed
  File "/opt/airflow/dags/etl_core.py", line 4, in <module>
    from airflow.providers.standard.operators.python import PythonOperator
ModuleNotFoundError: No module named 'airflow.providers.standard'
[2026-06-15T16:45:12.199+0000] {processor.py:927} WARNING - No viable dags retrieved from /opt/airflow/dags/etl_core.py
[2026-06-15T16:45:12.281+0000] {processor.py:208} INFO - Processing /opt/airflow/dags/etl_core.py took 0.140 seconds
[2026-06-15T16:45:42.778+0000] {processor.py:186} INFO - Started process (PID=632) to work on /opt/airflow/dags/etl_core.py
[2026-06-15T16:45:42.780+0000] {processor.py:914} INFO - Processing file /opt/airflow/dags/etl_core.py for tasks to queue
[2026-06-15T16:45:42.784+0000] {logging_mixin.py:190} INFO - [2026-06-15T16:45:42.783+0000] {dagbag.py:588} INFO - Filling up the DagBag from /opt/airflow/dags/etl_core.py
[2026-06-15T16:45:42.816+0000] {logging_mixin.py:190} INFO - [2026-06-15T16:45:42.807+0000] {dagbag.py:387} ERROR - Failed to import: /opt/airflow/dags/etl_core.py
Traceback (most recent call last):
  File "/home/airflow/.local/lib/python3.12/site-packages/airflow/models/dagbag.py", line 383, in parse
    loader.exec_module(new_module)
  File "<frozen importlib._bootstrap_external>", line 999, in exec_module
  File "<frozen importlib._bootstrap>", line 488, in _call_with_frames_removed
  File "/opt/airflow/dags/etl_core.py", line 4, in <module>
    from airflow.providers.standard.operators.python import PythonOperator
ModuleNotFoundError: No module named 'airflow.providers.standard'
[2026-06-15T16:45:42.819+0000] {processor.py:927} WARNING - No viable dags retrieved from /opt/airflow/dags/etl_core.py
[2026-06-15T16:45:42.948+0000] {processor.py:208} INFO - Processing /opt/airflow/dags/etl_core.py took 0.181 seconds
[2026-06-15T17:08:42.568+0000] {processor.py:186} INFO - Started process (PID=166) to work on /opt/airflow/dags/etl_core.py
[2026-06-15T17:08:43.494+0000] {processor.py:914} INFO - Processing file /opt/airflow/dags/etl_core.py for tasks to queue
[2026-06-15T17:08:43.500+0000] {logging_mixin.py:190} INFO - [2026-06-15T17:08:43.499+0000] {dagbag.py:588} INFO - Filling up the DagBag from /opt/airflow/dags/etl_core.py
[2026-06-15T17:08:43.534+0000] {logging_mixin.py:190} INFO - [2026-06-15T17:08:43.526+0000] {dagbag.py:387} ERROR - Failed to import: /opt/airflow/dags/etl_core.py
Traceback (most recent call last):
  File "/home/airflow/.local/lib/python3.12/site-packages/airflow/models/dagbag.py", line 383, in parse
    loader.exec_module(new_module)
  File "<frozen importlib._bootstrap_external>", line 999, in exec_module
  File "<frozen importlib._bootstrap>", line 488, in _call_with_frames_removed
  File "/opt/airflow/dags/etl_core.py", line 4, in <module>
    from airflow.providers.standard.operators.python import PythonOperator
ModuleNotFoundError: No module named 'airflow.providers.standard'
[2026-06-15T17:08:43.537+0000] {processor.py:927} WARNING - No viable dags retrieved from /opt/airflow/dags/etl_core.py
[2026-06-15T17:08:43.657+0000] {processor.py:208} INFO - Processing /opt/airflow/dags/etl_core.py took 1.107 seconds
[2026-06-15T17:09:14.213+0000] {processor.py:186} INFO - Started process (PID=177) to work on /opt/airflow/dags/etl_core.py
[2026-06-15T17:09:14.217+0000] {processor.py:914} INFO - Processing file /opt/airflow/dags/etl_core.py for tasks to queue
[2026-06-15T17:09:14.228+0000] {logging_mixin.py:190} INFO - [2026-06-15T17:09:14.227+0000] {dagbag.py:588} INFO - Filling up the DagBag from /opt/airflow/dags/etl_core.py
[2026-06-15T17:09:14.305+0000] {logging_mixin.py:190} INFO - [2026-06-15T17:09:14.287+0000] {dagbag.py:387} ERROR - Failed to import: /opt/airflow/dags/etl_core.py
Traceback (most recent call last):
  File "/home/airflow/.local/lib/python3.12/site-packages/airflow/models/dagbag.py", line 383, in parse
    loader.exec_module(new_module)
  File "<frozen importlib._bootstrap_external>", line 999, in exec_module
  File "<frozen importlib._bootstrap>", line 488, in _call_with_frames_removed
  File "/opt/airflow/dags/etl_core.py", line 4, in <module>
    from airflow.providers.standard.operators.python import PythonOperator
ModuleNotFoundError: No module named 'airflow.providers.standard'
[2026-06-15T17:09:14.318+0000] {processor.py:927} WARNING - No viable dags retrieved from /opt/airflow/dags/etl_core.py
[2026-06-15T17:09:14.437+0000] {processor.py:208} INFO - Processing /opt/airflow/dags/etl_core.py took 0.247 seconds
[2026-06-15T17:09:44.990+0000] {processor.py:186} INFO - Started process (PID=187) to work on /opt/airflow/dags/etl_core.py
[2026-06-15T17:09:44.992+0000] {processor.py:914} INFO - Processing file /opt/airflow/dags/etl_core.py for tasks to queue
[2026-06-15T17:09:44.998+0000] {logging_mixin.py:190} INFO - [2026-06-15T17:09:44.997+0000] {dagbag.py:588} INFO - Filling up the DagBag from /opt/airflow/dags/etl_core.py
[2026-06-15T17:09:45.026+0000] {logging_mixin.py:190} INFO - [2026-06-15T17:09:45.021+0000] {dagbag.py:387} ERROR - Failed to import: /opt/airflow/dags/etl_core.py
Traceback (most recent call last):
  File "/home/airflow/.local/lib/python3.12/site-packages/airflow/models/dagbag.py", line 383, in parse
    loader.exec_module(new_module)
  File "<frozen importlib._bootstrap_external>", line 999, in exec_module
  File "<frozen importlib._bootstrap>", line 488, in _call_with_frames_removed
  File "/opt/airflow/dags/etl_core.py", line 4, in <module>
    from airflow.providers.standard.operators.python import PythonOperator
ModuleNotFoundError: No module named 'airflow.providers.standard'
[2026-06-15T17:09:45.029+0000] {processor.py:927} WARNING - No viable dags retrieved from /opt/airflow/dags/etl_core.py
[2026-06-15T17:09:45.873+0000] {processor.py:208} INFO - Processing /opt/airflow/dags/etl_core.py took 0.897 seconds
[2026-06-15T17:10:16.449+0000] {processor.py:186} INFO - Started process (PID=197) to work on /opt/airflow/dags/etl_core.py
[2026-06-15T17:10:16.451+0000] {processor.py:914} INFO - Processing file /opt/airflow/dags/etl_core.py for tasks to queue
[2026-06-15T17:10:16.457+0000] {logging_mixin.py:190} INFO - [2026-06-15T17:10:16.456+0000] {dagbag.py:588} INFO - Filling up the DagBag from /opt/airflow/dags/etl_core.py
[2026-06-15T17:10:16.509+0000] {logging_mixin.py:190} INFO - [2026-06-15T17:10:16.492+0000] {dagbag.py:387} ERROR - Failed to import: /opt/airflow/dags/etl_core.py
Traceback (most recent call last):
  File "/home/airflow/.local/lib/python3.12/site-packages/airflow/models/dagbag.py", line 383, in parse
    loader.exec_module(new_module)
  File "<frozen importlib._bootstrap_external>", line 999, in exec_module
  File "<frozen importlib._bootstrap>", line 488, in _call_with_frames_removed
  File "/opt/airflow/dags/etl_core.py", line 4, in <module>
    from airflow.providers.standard.operators.python import PythonOperator
ModuleNotFoundError: No module named 'airflow.providers.standard'
[2026-06-15T17:10:16.515+0000] {processor.py:927} WARNING - No viable dags retrieved from /opt/airflow/dags/etl_core.py
[2026-06-15T17:10:16.599+0000] {processor.py:208} INFO - Processing /opt/airflow/dags/etl_core.py took 0.166 seconds
[2026-06-15T17:10:47.160+0000] {processor.py:186} INFO - Started process (PID=207) to work on /opt/airflow/dags/etl_core.py
[2026-06-15T17:10:47.163+0000] {processor.py:914} INFO - Processing file /opt/airflow/dags/etl_core.py for tasks to queue
[2026-06-15T17:10:47.168+0000] {logging_mixin.py:190} INFO - [2026-06-15T17:10:47.167+0000] {dagbag.py:588} INFO - Filling up the DagBag from /opt/airflow/dags/etl_core.py
[2026-06-15T17:10:47.211+0000] {logging_mixin.py:190} INFO - [2026-06-15T17:10:47.199+0000] {dagbag.py:387} ERROR - Failed to import: /opt/airflow/dags/etl_core.py
Traceback (most recent call last):
  File "/home/airflow/.local/lib/python3.12/site-packages/airflow/models/dagbag.py", line 383, in parse
    loader.exec_module(new_module)
  File "<frozen importlib._bootstrap_external>", line 999, in exec_module
  File "<frozen importlib._bootstrap>", line 488, in _call_with_frames_removed
  File "/opt/airflow/dags/etl_core.py", line 4, in <module>
    from airflow.providers.standard.operators.python import PythonOperator
ModuleNotFoundError: No module named 'airflow.providers.standard'
[2026-06-15T17:10:47.215+0000] {processor.py:927} WARNING - No viable dags retrieved from /opt/airflow/dags/etl_core.py
[2026-06-15T17:10:47.286+0000] {processor.py:208} INFO - Processing /opt/airflow/dags/etl_core.py took 0.138 seconds
[2026-06-15T17:11:17.874+0000] {processor.py:186} INFO - Started process (PID=217) to work on /opt/airflow/dags/etl_core.py
[2026-06-15T17:11:17.877+0000] {processor.py:914} INFO - Processing file /opt/airflow/dags/etl_core.py for tasks to queue
[2026-06-15T17:11:17.881+0000] {logging_mixin.py:190} INFO - [2026-06-15T17:11:17.881+0000] {dagbag.py:588} INFO - Filling up the DagBag from /opt/airflow/dags/etl_core.py
[2026-06-15T17:11:17.911+0000] {logging_mixin.py:190} INFO - [2026-06-15T17:11:17.903+0000] {dagbag.py:387} ERROR - Failed to import: /opt/airflow/dags/etl_core.py
Traceback (most recent call last):
  File "/home/airflow/.local/lib/python3.12/site-packages/airflow/models/dagbag.py", line 383, in parse
    loader.exec_module(new_module)
  File "<frozen importlib._bootstrap_external>", line 999, in exec_module
  File "<frozen importlib._bootstrap>", line 488, in _call_with_frames_removed
  File "/opt/airflow/dags/etl_core.py", line 4, in <module>
    from airflow.providers.standard.operators.python import PythonOperator
ModuleNotFoundError: No module named 'airflow.providers.standard'
[2026-06-15T17:11:17.914+0000] {processor.py:927} WARNING - No viable dags retrieved from /opt/airflow/dags/etl_core.py
[2026-06-15T17:11:18.849+0000] {processor.py:208} INFO - Processing /opt/airflow/dags/etl_core.py took 0.994 seconds
[2026-06-15T17:11:49.480+0000] {processor.py:186} INFO - Started process (PID=227) to work on /opt/airflow/dags/etl_core.py
[2026-06-15T17:11:49.485+0000] {processor.py:914} INFO - Processing file /opt/airflow/dags/etl_core.py for tasks to queue
[2026-06-15T17:11:49.491+0000] {logging_mixin.py:190} INFO - [2026-06-15T17:11:49.490+0000] {dagbag.py:588} INFO - Filling up the DagBag from /opt/airflow/dags/etl_core.py
[2026-06-15T17:11:49.521+0000] {logging_mixin.py:190} INFO - [2026-06-15T17:11:49.515+0000] {dagbag.py:387} ERROR - Failed to import: /opt/airflow/dags/etl_core.py
Traceback (most recent call last):
  File "/home/airflow/.local/lib/python3.12/site-packages/airflow/models/dagbag.py", line 383, in parse
    loader.exec_module(new_module)
  File "<frozen importlib._bootstrap_external>", line 999, in exec_module
  File "<frozen importlib._bootstrap>", line 488, in _call_with_frames_removed
  File "/opt/airflow/dags/etl_core.py", line 4, in <module>
    from airflow.providers.standard.operators.python import PythonOperator
ModuleNotFoundError: No module named 'airflow.providers.standard'
[2026-06-15T17:11:49.525+0000] {processor.py:927} WARNING - No viable dags retrieved from /opt/airflow/dags/etl_core.py
[2026-06-15T17:11:49.699+0000] {processor.py:208} INFO - Processing /opt/airflow/dags/etl_core.py took 0.235 seconds
[2026-06-15T17:12:20.034+0000] {processor.py:186} INFO - Started process (PID=237) to work on /opt/airflow/dags/etl_core.py
[2026-06-15T17:12:20.037+0000] {processor.py:914} INFO - Processing file /opt/airflow/dags/etl_core.py for tasks to queue
[2026-06-15T17:12:20.043+0000] {logging_mixin.py:190} INFO - [2026-06-15T17:12:20.042+0000] {dagbag.py:588} INFO - Filling up the DagBag from /opt/airflow/dags/etl_core.py
[2026-06-15T17:12:20.073+0000] {logging_mixin.py:190} INFO - [2026-06-15T17:12:20.066+0000] {dagbag.py:387} ERROR - Failed to import: /opt/airflow/dags/etl_core.py
Traceback (most recent call last):
  File "/home/airflow/.local/lib/python3.12/site-packages/airflow/models/dagbag.py", line 383, in parse
    loader.exec_module(new_module)
  File "<frozen importlib._bootstrap_external>", line 999, in exec_module
  File "<frozen importlib._bootstrap>", line 488, in _call_with_frames_removed
  File "/opt/airflow/dags/etl_core.py", line 4, in <module>
    from airflow.providers.standard.operators.python import PythonOperator
ModuleNotFoundError: No module named 'airflow.providers.standard'
[2026-06-15T17:12:20.076+0000] {processor.py:927} WARNING - No viable dags retrieved from /opt/airflow/dags/etl_core.py
[2026-06-15T17:12:20.226+0000] {processor.py:208} INFO - Processing /opt/airflow/dags/etl_core.py took 0.208 seconds
[2026-06-15T17:12:50.749+0000] {processor.py:186} INFO - Started process (PID=247) to work on /opt/airflow/dags/etl_core.py
[2026-06-15T17:12:50.752+0000] {processor.py:914} INFO - Processing file /opt/airflow/dags/etl_core.py for tasks to queue
[2026-06-15T17:12:50.757+0000] {logging_mixin.py:190} INFO - [2026-06-15T17:12:50.756+0000] {dagbag.py:588} INFO - Filling up the DagBag from /opt/airflow/dags/etl_core.py
[2026-06-15T17:12:50.787+0000] {logging_mixin.py:190} INFO - [2026-06-15T17:12:50.780+0000] {dagbag.py:387} ERROR - Failed to import: /opt/airflow/dags/etl_core.py
Traceback (most recent call last):
  File "/home/airflow/.local/lib/python3.12/site-packages/airflow/models/dagbag.py", line 383, in parse
    loader.exec_module(new_module)
  File "<frozen importlib._bootstrap_external>", line 999, in exec_module
  File "<frozen importlib._bootstrap>", line 488, in _call_with_frames_removed
  File "/opt/airflow/dags/etl_core.py", line 4, in <module>
    from airflow.providers.standard.operators.python import PythonOperator
ModuleNotFoundError: No module named 'airflow.providers.standard'
[2026-06-15T17:12:50.790+0000] {processor.py:927} WARNING - No viable dags retrieved from /opt/airflow/dags/etl_core.py
[2026-06-15T17:12:51.564+0000] {processor.py:208} INFO - Processing /opt/airflow/dags/etl_core.py took 0.831 seconds
[2026-06-15T17:13:21.688+0000] {processor.py:186} INFO - Started process (PID=257) to work on /opt/airflow/dags/etl_core.py
[2026-06-15T17:13:21.690+0000] {processor.py:914} INFO - Processing file /opt/airflow/dags/etl_core.py for tasks to queue
[2026-06-15T17:13:21.694+0000] {logging_mixin.py:190} INFO - [2026-06-15T17:13:21.694+0000] {dagbag.py:588} INFO - Filling up the DagBag from /opt/airflow/dags/etl_core.py
[2026-06-15T17:13:21.723+0000] {logging_mixin.py:190} INFO - [2026-06-15T17:13:21.716+0000] {dagbag.py:387} ERROR - Failed to import: /opt/airflow/dags/etl_core.py
Traceback (most recent call last):
  File "/home/airflow/.local/lib/python3.12/site-packages/airflow/models/dagbag.py", line 383, in parse
    loader.exec_module(new_module)
  File "<frozen importlib._bootstrap_external>", line 999, in exec_module
  File "<frozen importlib._bootstrap>", line 488, in _call_with_frames_removed
  File "/opt/airflow/dags/etl_core.py", line 4, in <module>
    from airflow.providers.standard.operators.python import PythonOperator
ModuleNotFoundError: No module named 'airflow.providers.standard'
[2026-06-15T17:13:21.726+0000] {processor.py:927} WARNING - No viable dags retrieved from /opt/airflow/dags/etl_core.py
[2026-06-15T17:13:21.791+0000] {processor.py:208} INFO - Processing /opt/airflow/dags/etl_core.py took 0.116 seconds
[2026-06-15T17:13:52.547+0000] {processor.py:186} INFO - Started process (PID=267) to work on /opt/airflow/dags/etl_core.py
[2026-06-15T17:13:52.551+0000] {processor.py:914} INFO - Processing file /opt/airflow/dags/etl_core.py for tasks to queue
[2026-06-15T17:13:52.557+0000] {logging_mixin.py:190} INFO - [2026-06-15T17:13:52.556+0000] {dagbag.py:588} INFO - Filling up the DagBag from /opt/airflow/dags/etl_core.py
[2026-06-15T17:13:52.593+0000] {logging_mixin.py:190} INFO - [2026-06-15T17:13:52.586+0000] {dagbag.py:387} ERROR - Failed to import: /opt/airflow/dags/etl_core.py
Traceback (most recent call last):
  File "/home/airflow/.local/lib/python3.12/site-packages/airflow/models/dagbag.py", line 383, in parse
    loader.exec_module(new_module)
  File "<frozen importlib._bootstrap_external>", line 999, in exec_module
  File "<frozen importlib._bootstrap>", line 488, in _call_with_frames_removed
  File "/opt/airflow/dags/etl_core.py", line 4, in <module>
    from airflow.providers.standard.operators.python import PythonOperator
ModuleNotFoundError: No module named 'airflow.providers.standard'
[2026-06-15T17:13:52.597+0000] {processor.py:927} WARNING - No viable dags retrieved from /opt/airflow/dags/etl_core.py
[2026-06-15T17:13:53.374+0000] {processor.py:208} INFO - Processing /opt/airflow/dags/etl_core.py took 0.845 seconds
[2026-06-15T17:14:23.994+0000] {processor.py:186} INFO - Started process (PID=277) to work on /opt/airflow/dags/etl_core.py
[2026-06-15T17:14:23.996+0000] {processor.py:914} INFO - Processing file /opt/airflow/dags/etl_core.py for tasks to queue
[2026-06-15T17:14:24.002+0000] {logging_mixin.py:190} INFO - [2026-06-15T17:14:24.001+0000] {dagbag.py:588} INFO - Filling up the DagBag from /opt/airflow/dags/etl_core.py
[2026-06-15T17:14:24.034+0000] {logging_mixin.py:190} INFO - [2026-06-15T17:14:24.027+0000] {dagbag.py:387} ERROR - Failed to import: /opt/airflow/dags/etl_core.py
Traceback (most recent call last):
  File "/home/airflow/.local/lib/python3.12/site-packages/airflow/models/dagbag.py", line 383, in parse
    loader.exec_module(new_module)
  File "<frozen importlib._bootstrap_external>", line 999, in exec_module
  File "<frozen importlib._bootstrap>", line 488, in _call_with_frames_removed
  File "/opt/airflow/dags/etl_core.py", line 4, in <module>
    from airflow.providers.standard.operators.python import PythonOperator
ModuleNotFoundError: No module named 'airflow.providers.standard'
[2026-06-15T17:14:24.037+0000] {processor.py:927} WARNING - No viable dags retrieved from /opt/airflow/dags/etl_core.py
[2026-06-15T17:14:24.809+0000] {processor.py:208} INFO - Processing /opt/airflow/dags/etl_core.py took 0.826 seconds
[2026-06-15T17:14:55.459+0000] {processor.py:186} INFO - Started process (PID=287) to work on /opt/airflow/dags/etl_core.py
[2026-06-15T17:14:55.462+0000] {processor.py:914} INFO - Processing file /opt/airflow/dags/etl_core.py for tasks to queue
[2026-06-15T17:14:55.470+0000] {logging_mixin.py:190} INFO - [2026-06-15T17:14:55.469+0000] {dagbag.py:588} INFO - Filling up the DagBag from /opt/airflow/dags/etl_core.py
[2026-06-15T17:14:55.495+0000] {logging_mixin.py:190} INFO - [2026-06-15T17:14:55.490+0000] {dagbag.py:387} ERROR - Failed to import: /opt/airflow/dags/etl_core.py
Traceback (most recent call last):
  File "/home/airflow/.local/lib/python3.12/site-packages/airflow/models/dagbag.py", line 383, in parse
    loader.exec_module(new_module)
  File "<frozen importlib._bootstrap_external>", line 999, in exec_module
  File "<frozen importlib._bootstrap>", line 488, in _call_with_frames_removed
  File "/opt/airflow/dags/etl_core.py", line 4, in <module>
    from airflow.providers.standard.operators.python import PythonOperator
ModuleNotFoundError: No module named 'airflow.providers.standard'
[2026-06-15T17:14:55.499+0000] {processor.py:927} WARNING - No viable dags retrieved from /opt/airflow/dags/etl_core.py
[2026-06-15T17:14:56.084+0000] {processor.py:208} INFO - Processing /opt/airflow/dags/etl_core.py took 0.641 seconds
[2026-06-15T17:15:26.790+0000] {processor.py:186} INFO - Started process (PID=297) to work on /opt/airflow/dags/etl_core.py
[2026-06-15T17:15:26.801+0000] {processor.py:914} INFO - Processing file /opt/airflow/dags/etl_core.py for tasks to queue
[2026-06-15T17:15:26.811+0000] {logging_mixin.py:190} INFO - [2026-06-15T17:15:26.810+0000] {dagbag.py:588} INFO - Filling up the DagBag from /opt/airflow/dags/etl_core.py
[2026-06-15T17:15:26.862+0000] {logging_mixin.py:190} INFO - [2026-06-15T17:15:26.851+0000] {dagbag.py:387} ERROR - Failed to import: /opt/airflow/dags/etl_core.py
Traceback (most recent call last):
  File "/home/airflow/.local/lib/python3.12/site-packages/airflow/models/dagbag.py", line 383, in parse
    loader.exec_module(new_module)
  File "<frozen importlib._bootstrap_external>", line 999, in exec_module
  File "<frozen importlib._bootstrap>", line 488, in _call_with_frames_removed
  File "/opt/airflow/dags/etl_core.py", line 4, in <module>
    from airflow.providers.standard.operators.python import PythonOperator
ModuleNotFoundError: No module named 'airflow.providers.standard'
[2026-06-15T17:15:26.870+0000] {processor.py:927} WARNING - No viable dags retrieved from /opt/airflow/dags/etl_core.py
[2026-06-15T17:15:27.307+0000] {processor.py:208} INFO - Processing /opt/airflow/dags/etl_core.py took 0.556 seconds
[2026-06-15T17:15:39.339+0000] {processor.py:186} INFO - Started process (PID=307) to work on /opt/airflow/dags/etl_core.py
[2026-06-15T17:15:39.342+0000] {processor.py:914} INFO - Processing file /opt/airflow/dags/etl_core.py for tasks to queue
[2026-06-15T17:15:39.348+0000] {logging_mixin.py:190} INFO - [2026-06-15T17:15:39.348+0000] {dagbag.py:588} INFO - Filling up the DagBag from /opt/airflow/dags/etl_core.py
[2026-06-15T17:15:39.445+0000] {processor.py:925} INFO - DAG(s) 'load_core_layer' retrieved from /opt/airflow/dags/etl_core.py
[2026-06-15T17:15:41.578+0000] {logging_mixin.py:190} INFO - [2026-06-15T17:15:41.577+0000] {override.py:1912} INFO - Created Permission View: can edit on DAG:load_core_layer
[2026-06-15T17:15:41.633+0000] {logging_mixin.py:190} INFO - [2026-06-15T17:15:41.633+0000] {override.py:1912} INFO - Created Permission View: can read on DAG:load_core_layer
[2026-06-15T17:15:41.683+0000] {logging_mixin.py:190} INFO - [2026-06-15T17:15:41.683+0000] {override.py:1912} INFO - Created Permission View: can delete on DAG:load_core_layer
[2026-06-15T17:15:41.760+0000] {logging_mixin.py:190} INFO - [2026-06-15T17:15:41.759+0000] {override.py:1912} INFO - Created Permission View: menu access on DAG Run:load_core_layer
[2026-06-15T17:15:41.809+0000] {logging_mixin.py:190} INFO - [2026-06-15T17:15:41.808+0000] {override.py:1912} INFO - Created Permission View: can read on DAG Run:load_core_layer
[2026-06-15T17:15:41.859+0000] {logging_mixin.py:190} INFO - [2026-06-15T17:15:41.858+0000] {override.py:1912} INFO - Created Permission View: can create on DAG Run:load_core_layer
[2026-06-15T17:15:41.907+0000] {logging_mixin.py:190} INFO - [2026-06-15T17:15:41.906+0000] {override.py:1912} INFO - Created Permission View: can delete on DAG Run:load_core_layer
[2026-06-15T17:15:41.909+0000] {logging_mixin.py:190} INFO - [2026-06-15T17:15:41.909+0000] {dag.py:3239} INFO - Sync 1 DAGs
[2026-06-15T17:15:41.953+0000] {logging_mixin.py:190} INFO - [2026-06-15T17:15:41.952+0000] {dag.py:3262} INFO - Creating ORM DAG for load_core_layer
[2026-06-15T17:15:41.976+0000] {logging_mixin.py:190} INFO - [2026-06-15T17:15:41.976+0000] {dag.py:4180} INFO - Setting next_dagrun for load_core_layer to 2026-06-14 00:00:00+00:00, run_after=2026-06-15 00:00:00+00:00
[2026-06-15T17:15:42.096+0000] {processor.py:208} INFO - Processing /opt/airflow/dags/etl_core.py took 2.778 seconds
[2026-06-15T17:15:46.277+0000] {processor.py:186} INFO - Started process (PID=320) to work on /opt/airflow/dags/etl_core.py
[2026-06-15T17:15:46.280+0000] {processor.py:914} INFO - Processing file /opt/airflow/dags/etl_core.py for tasks to queue
[2026-06-15T17:15:46.286+0000] {logging_mixin.py:190} INFO - [2026-06-15T17:15:46.285+0000] {dagbag.py:588} INFO - Filling up the DagBag from /opt/airflow/dags/etl_core.py
[2026-06-15T17:15:46.342+0000] {processor.py:925} INFO - DAG(s) 'load_core_layer' retrieved from /opt/airflow/dags/etl_core.py
[2026-06-15T17:15:46.365+0000] {logging_mixin.py:190} INFO - [2026-06-15T17:15:46.365+0000] {dag.py:3239} INFO - Sync 1 DAGs
[2026-06-15T17:15:46.409+0000] {logging_mixin.py:190} INFO - [2026-06-15T17:15:46.409+0000] {dag.py:4180} INFO - Setting next_dagrun for load_core_layer to 2026-06-14 00:00:00+00:00, run_after=2026-06-15 00:00:00+00:00
[2026-06-15T17:15:46.506+0000] {processor.py:208} INFO - Processing /opt/airflow/dags/etl_core.py took 0.246 seconds
[2026-06-15T17:16:16.918+0000] {processor.py:186} INFO - Started process (PID=327) to work on /opt/airflow/dags/etl_core.py
[2026-06-15T17:16:16.921+0000] {processor.py:914} INFO - Processing file /opt/airflow/dags/etl_core.py for tasks to queue
[2026-06-15T17:16:16.925+0000] {logging_mixin.py:190} INFO - [2026-06-15T17:16:16.925+0000] {dagbag.py:588} INFO - Filling up the DagBag from /opt/airflow/dags/etl_core.py
[2026-06-15T17:16:16.973+0000] {processor.py:925} INFO - DAG(s) 'load_core_layer' retrieved from /opt/airflow/dags/etl_core.py
[2026-06-15T17:16:17.034+0000] {logging_mixin.py:190} INFO - [2026-06-15T17:16:17.034+0000] {dag.py:3239} INFO - Sync 1 DAGs
[2026-06-15T17:16:17.087+0000] {logging_mixin.py:190} INFO - [2026-06-15T17:16:17.087+0000] {dag.py:4180} INFO - Setting next_dagrun for load_core_layer to 2026-06-14 00:00:00+00:00, run_after=2026-06-15 00:00:00+00:00
[2026-06-15T17:16:17.549+0000] {processor.py:208} INFO - Processing /opt/airflow/dags/etl_core.py took 0.650 seconds
[2026-06-15T17:16:48.133+0000] {processor.py:186} INFO - Started process (PID=337) to work on /opt/airflow/dags/etl_core.py
[2026-06-15T17:16:48.135+0000] {processor.py:914} INFO - Processing file /opt/airflow/dags/etl_core.py for tasks to queue
[2026-06-15T17:16:48.142+0000] {logging_mixin.py:190} INFO - [2026-06-15T17:16:48.141+0000] {dagbag.py:588} INFO - Filling up the DagBag from /opt/airflow/dags/etl_core.py
[2026-06-15T17:16:48.185+0000] {processor.py:925} INFO - DAG(s) 'load_core_layer' retrieved from /opt/airflow/dags/etl_core.py
[2026-06-15T17:16:48.237+0000] {logging_mixin.py:190} INFO - [2026-06-15T17:16:48.237+0000] {dag.py:3239} INFO - Sync 1 DAGs
[2026-06-15T17:16:48.282+0000] {logging_mixin.py:190} INFO - [2026-06-15T17:16:48.282+0000] {dag.py:4180} INFO - Setting next_dagrun for load_core_layer to 2026-06-14 00:00:00+00:00, run_after=2026-06-15 00:00:00+00:00
[2026-06-15T17:16:48.340+0000] {processor.py:208} INFO - Processing /opt/airflow/dags/etl_core.py took 0.224 seconds
[2026-06-15T17:17:19.009+0000] {processor.py:186} INFO - Started process (PID=347) to work on /opt/airflow/dags/etl_core.py
[2026-06-15T17:17:19.013+0000] {processor.py:914} INFO - Processing file /opt/airflow/dags/etl_core.py for tasks to queue
[2026-06-15T17:17:19.021+0000] {logging_mixin.py:190} INFO - [2026-06-15T17:17:19.020+0000] {dagbag.py:588} INFO - Filling up the DagBag from /opt/airflow/dags/etl_core.py
[2026-06-15T17:17:19.075+0000] {processor.py:925} INFO - DAG(s) 'load_core_layer' retrieved from /opt/airflow/dags/etl_core.py
[2026-06-15T17:17:19.162+0000] {logging_mixin.py:190} INFO - [2026-06-15T17:17:19.162+0000] {dag.py:3239} INFO - Sync 1 DAGs
[2026-06-15T17:17:19.226+0000] {logging_mixin.py:190} INFO - [2026-06-15T17:17:19.226+0000] {dag.py:4180} INFO - Setting next_dagrun for load_core_layer to 2026-06-14 00:00:00+00:00, run_after=2026-06-15 00:00:00+00:00
[2026-06-15T17:17:19.934+0000] {processor.py:208} INFO - Processing /opt/airflow/dags/etl_core.py took 0.955 seconds
[2026-06-15T17:17:50.609+0000] {processor.py:186} INFO - Started process (PID=357) to work on /opt/airflow/dags/etl_core.py
[2026-06-15T17:17:50.611+0000] {processor.py:914} INFO - Processing file /opt/airflow/dags/etl_core.py for tasks to queue
[2026-06-15T17:17:50.618+0000] {logging_mixin.py:190} INFO - [2026-06-15T17:17:50.617+0000] {dagbag.py:588} INFO - Filling up the DagBag from /opt/airflow/dags/etl_core.py
[2026-06-15T17:17:50.661+0000] {processor.py:925} INFO - DAG(s) 'load_core_layer' retrieved from /opt/airflow/dags/etl_core.py
[2026-06-15T17:17:50.718+0000] {logging_mixin.py:190} INFO - [2026-06-15T17:17:50.718+0000] {dag.py:3239} INFO - Sync 1 DAGs
[2026-06-15T17:17:50.765+0000] {logging_mixin.py:190} INFO - [2026-06-15T17:17:50.763+0000] {dag.py:4180} INFO - Setting next_dagrun for load_core_layer to 2026-06-14 00:00:00+00:00, run_after=2026-06-15 00:00:00+00:00
[2026-06-15T17:17:52.199+0000] {processor.py:208} INFO - Processing /opt/airflow/dags/etl_core.py took 1.606 seconds
[2026-06-15T17:18:22.850+0000] {processor.py:186} INFO - Started process (PID=367) to work on /opt/airflow/dags/etl_core.py
[2026-06-15T17:18:22.853+0000] {processor.py:914} INFO - Processing file /opt/airflow/dags/etl_core.py for tasks to queue
[2026-06-15T17:18:22.861+0000] {logging_mixin.py:190} INFO - [2026-06-15T17:18:22.860+0000] {dagbag.py:588} INFO - Filling up the DagBag from /opt/airflow/dags/etl_core.py
[2026-06-15T17:18:22.911+0000] {processor.py:925} INFO - DAG(s) 'load_core_layer' retrieved from /opt/airflow/dags/etl_core.py
[2026-06-15T17:18:22.977+0000] {logging_mixin.py:190} INFO - [2026-06-15T17:18:22.977+0000] {dag.py:3239} INFO - Sync 1 DAGs
[2026-06-15T17:18:23.030+0000] {logging_mixin.py:190} INFO - [2026-06-15T17:18:23.029+0000] {dag.py:4180} INFO - Setting next_dagrun for load_core_layer to 2026-06-14 00:00:00+00:00, run_after=2026-06-15 00:00:00+00:00
[2026-06-15T17:18:23.627+0000] {processor.py:208} INFO - Processing /opt/airflow/dags/etl_core.py took 0.792 seconds
[2026-06-15T17:18:29.846+0000] {processor.py:186} INFO - Started process (PID=377) to work on /opt/airflow/dags/etl_core.py
[2026-06-15T17:18:29.849+0000] {processor.py:914} INFO - Processing file /opt/airflow/dags/etl_core.py for tasks to queue
[2026-06-15T17:18:29.855+0000] {logging_mixin.py:190} INFO - [2026-06-15T17:18:29.854+0000] {dagbag.py:588} INFO - Filling up the DagBag from /opt/airflow/dags/etl_core.py
[2026-06-15T17:18:29.929+0000] {processor.py:925} INFO - DAG(s) 'load_core_layer' retrieved from /opt/airflow/dags/etl_core.py
[2026-06-15T17:18:29.970+0000] {logging_mixin.py:190} INFO - [2026-06-15T17:18:29.970+0000] {dag.py:3239} INFO - Sync 1 DAGs
[2026-06-15T17:18:30.573+0000] {logging_mixin.py:190} INFO - [2026-06-15T17:18:30.573+0000] {dag.py:4180} INFO - Setting next_dagrun for load_core_layer to 2026-06-14 00:00:00+00:00, run_after=2026-06-15 00:00:00+00:00
[2026-06-15T17:18:30.648+0000] {processor.py:208} INFO - Processing /opt/airflow/dags/etl_core.py took 0.816 seconds
[2026-06-15T17:18:48.135+0000] {processor.py:186} INFO - Started process (PID=382) to work on /opt/airflow/dags/etl_core.py
[2026-06-15T17:18:48.137+0000] {processor.py:914} INFO - Processing file /opt/airflow/dags/etl_core.py for tasks to queue
[2026-06-15T17:18:48.144+0000] {logging_mixin.py:190} INFO - [2026-06-15T17:18:48.144+0000] {dagbag.py:588} INFO - Filling up the DagBag from /opt/airflow/dags/etl_core.py
[2026-06-15T17:18:48.184+0000] {logging_mixin.py:190} INFO - [2026-06-15T17:18:48.182+0000] {dagbag.py:387} ERROR - Failed to import: /opt/airflow/dags/etl_core.py
Traceback (most recent call last):
  File "/home/airflow/.local/lib/python3.12/site-packages/airflow/models/dagbag.py", line 383, in parse
    loader.exec_module(new_module)
  File "<frozen importlib._bootstrap_external>", line 995, in exec_module
  File "<frozen importlib._bootstrap_external>", line 1133, in get_code
  File "<frozen importlib._bootstrap_external>", line 1063, in source_to_code
  File "<frozen importlib._bootstrap>", line 488, in _call_with_frames_removed
  File "/opt/airflow/dags/etl_core.py", line 109
    cat >> dish >> fact
IndentationError: unexpected indent
[2026-06-15T17:18:48.186+0000] {processor.py:927} WARNING - No viable dags retrieved from /opt/airflow/dags/etl_core.py
[2026-06-15T17:18:48.259+0000] {processor.py:208} INFO - Processing /opt/airflow/dags/etl_core.py took 0.135 seconds
[2026-06-15T17:19:17.895+0000] {processor.py:186} INFO - Started process (PID=392) to work on /opt/airflow/dags/etl_core.py
[2026-06-15T17:19:17.898+0000] {processor.py:914} INFO - Processing file /opt/airflow/dags/etl_core.py for tasks to queue
[2026-06-15T17:19:17.903+0000] {logging_mixin.py:190} INFO - [2026-06-15T17:19:17.903+0000] {dagbag.py:588} INFO - Filling up the DagBag from /opt/airflow/dags/etl_core.py
[2026-06-15T17:19:17.958+0000] {processor.py:925} INFO - DAG(s) 'load_core_layer' retrieved from /opt/airflow/dags/etl_core.py
[2026-06-15T17:19:18.007+0000] {logging_mixin.py:190} INFO - [2026-06-15T17:19:18.007+0000] {dag.py:3239} INFO - Sync 1 DAGs
[2026-06-15T17:19:18.062+0000] {logging_mixin.py:190} INFO - [2026-06-15T17:19:18.062+0000] {dag.py:4180} INFO - Setting next_dagrun for load_core_layer to 2026-06-14 00:00:00+00:00, run_after=2026-06-15 00:00:00+00:00
[2026-06-15T17:19:18.190+0000] {processor.py:208} INFO - Processing /opt/airflow/dags/etl_core.py took 0.307 seconds
[2026-06-15T17:19:20.619+0000] {processor.py:186} INFO - Started process (PID=397) to work on /opt/airflow/dags/etl_core.py
[2026-06-15T17:19:20.622+0000] {processor.py:914} INFO - Processing file /opt/airflow/dags/etl_core.py for tasks to queue
[2026-06-15T17:19:20.626+0000] {logging_mixin.py:190} INFO - [2026-06-15T17:19:20.626+0000] {dagbag.py:588} INFO - Filling up the DagBag from /opt/airflow/dags/etl_core.py
[2026-06-15T17:19:20.686+0000] {processor.py:925} INFO - DAG(s) 'load_core_layer' retrieved from /opt/airflow/dags/etl_core.py
[2026-06-15T17:19:20.738+0000] {logging_mixin.py:190} INFO - [2026-06-15T17:19:20.738+0000] {dag.py:3239} INFO - Sync 1 DAGs
[2026-06-15T17:19:20.788+0000] {logging_mixin.py:190} INFO - [2026-06-15T17:19:20.788+0000] {dag.py:4180} INFO - Setting next_dagrun for load_core_layer to 2026-06-14 00:00:00+00:00, run_after=2026-06-15 00:00:00+00:00
[2026-06-15T17:19:20.873+0000] {processor.py:208} INFO - Processing /opt/airflow/dags/etl_core.py took 0.267 seconds
[2026-06-15T17:19:51.356+0000] {processor.py:186} INFO - Started process (PID=415) to work on /opt/airflow/dags/etl_core.py
[2026-06-15T17:19:51.358+0000] {processor.py:914} INFO - Processing file /opt/airflow/dags/etl_core.py for tasks to queue
[2026-06-15T17:19:51.363+0000] {logging_mixin.py:190} INFO - [2026-06-15T17:19:51.362+0000] {dagbag.py:588} INFO - Filling up the DagBag from /opt/airflow/dags/etl_core.py
[2026-06-15T17:19:51.397+0000] {processor.py:925} INFO - DAG(s) 'load_core_layer' retrieved from /opt/airflow/dags/etl_core.py
[2026-06-15T17:19:51.431+0000] {logging_mixin.py:190} INFO - [2026-06-15T17:19:51.430+0000] {dag.py:3239} INFO - Sync 1 DAGs
[2026-06-15T17:19:51.476+0000] {logging_mixin.py:190} INFO - [2026-06-15T17:19:51.476+0000] {dag.py:4180} INFO - Setting next_dagrun for load_core_layer to 2026-06-14 00:00:00+00:00, run_after=2026-06-15 00:00:00+00:00
[2026-06-15T17:19:51.635+0000] {processor.py:208} INFO - Processing /opt/airflow/dags/etl_core.py took 0.288 seconds
[2026-06-15T17:20:22.160+0000] {processor.py:186} INFO - Started process (PID=439) to work on /opt/airflow/dags/etl_core.py
[2026-06-15T17:20:22.162+0000] {processor.py:914} INFO - Processing file /opt/airflow/dags/etl_core.py for tasks to queue
[2026-06-15T17:20:22.168+0000] {logging_mixin.py:190} INFO - [2026-06-15T17:20:22.167+0000] {dagbag.py:588} INFO - Filling up the DagBag from /opt/airflow/dags/etl_core.py
[2026-06-15T17:20:22.204+0000] {processor.py:925} INFO - DAG(s) 'load_core_layer' retrieved from /opt/airflow/dags/etl_core.py
[2026-06-15T17:20:22.243+0000] {logging_mixin.py:190} INFO - [2026-06-15T17:20:22.243+0000] {dag.py:3239} INFO - Sync 1 DAGs
[2026-06-15T17:20:22.291+0000] {logging_mixin.py:190} INFO - [2026-06-15T17:20:22.291+0000] {dag.py:4180} INFO - Setting next_dagrun for load_core_layer to 2026-06-15 00:00:00+00:00, run_after=2026-06-16 00:00:00+00:00
[2026-06-15T17:20:22.355+0000] {processor.py:208} INFO - Processing /opt/airflow/dags/etl_core.py took 0.205 seconds
[2026-06-15T17:20:52.972+0000] {processor.py:186} INFO - Started process (PID=449) to work on /opt/airflow/dags/etl_core.py
[2026-06-15T17:20:52.975+0000] {processor.py:914} INFO - Processing file /opt/airflow/dags/etl_core.py for tasks to queue
[2026-06-15T17:20:52.980+0000] {logging_mixin.py:190} INFO - [2026-06-15T17:20:52.979+0000] {dagbag.py:588} INFO - Filling up the DagBag from /opt/airflow/dags/etl_core.py
[2026-06-15T17:20:53.021+0000] {processor.py:925} INFO - DAG(s) 'load_core_layer' retrieved from /opt/airflow/dags/etl_core.py
[2026-06-15T17:20:53.064+0000] {logging_mixin.py:190} INFO - [2026-06-15T17:20:53.063+0000] {dag.py:3239} INFO - Sync 1 DAGs
[2026-06-15T17:20:53.113+0000] {logging_mixin.py:190} INFO - [2026-06-15T17:20:53.113+0000] {dag.py:4180} INFO - Setting next_dagrun for load_core_layer to 2026-06-15 00:00:00+00:00, run_after=2026-06-16 00:00:00+00:00
[2026-06-15T17:20:53.215+0000] {processor.py:208} INFO - Processing /opt/airflow/dags/etl_core.py took 0.253 seconds
[2026-06-15T17:21:23.854+0000] {processor.py:186} INFO - Started process (PID=459) to work on /opt/airflow/dags/etl_core.py
[2026-06-15T17:21:23.857+0000] {processor.py:914} INFO - Processing file /opt/airflow/dags/etl_core.py for tasks to queue
[2026-06-15T17:21:23.867+0000] {logging_mixin.py:190} INFO - [2026-06-15T17:21:23.866+0000] {dagbag.py:588} INFO - Filling up the DagBag from /opt/airflow/dags/etl_core.py
[2026-06-15T17:21:23.916+0000] {processor.py:925} INFO - DAG(s) 'load_core_layer' retrieved from /opt/airflow/dags/etl_core.py
[2026-06-15T17:21:23.972+0000] {logging_mixin.py:190} INFO - [2026-06-15T17:21:23.971+0000] {dag.py:3239} INFO - Sync 1 DAGs
[2026-06-15T17:21:24.032+0000] {logging_mixin.py:190} INFO - [2026-06-15T17:21:24.032+0000] {dag.py:4180} INFO - Setting next_dagrun for load_core_layer to 2026-06-15 00:00:00+00:00, run_after=2026-06-16 00:00:00+00:00
[2026-06-15T17:21:24.541+0000] {processor.py:208} INFO - Processing /opt/airflow/dags/etl_core.py took 0.707 seconds
[2026-06-15T17:21:55.429+0000] {processor.py:186} INFO - Started process (PID=469) to work on /opt/airflow/dags/etl_core.py
[2026-06-15T17:21:55.432+0000] {processor.py:914} INFO - Processing file /opt/airflow/dags/etl_core.py for tasks to queue
[2026-06-15T17:21:55.439+0000] {logging_mixin.py:190} INFO - [2026-06-15T17:21:55.438+0000] {dagbag.py:588} INFO - Filling up the DagBag from /opt/airflow/dags/etl_core.py
[2026-06-15T17:21:55.481+0000] {processor.py:925} INFO - DAG(s) 'load_core_layer' retrieved from /opt/airflow/dags/etl_core.py
[2026-06-15T17:21:55.522+0000] {logging_mixin.py:190} INFO - [2026-06-15T17:21:55.522+0000] {dag.py:3239} INFO - Sync 1 DAGs
[2026-06-15T17:21:55.586+0000] {logging_mixin.py:190} INFO - [2026-06-15T17:21:55.585+0000] {dag.py:4180} INFO - Setting next_dagrun for load_core_layer to 2026-06-15 00:00:00+00:00, run_after=2026-06-16 00:00:00+00:00
[2026-06-15T17:21:55.650+0000] {processor.py:208} INFO - Processing /opt/airflow/dags/etl_core.py took 0.234 seconds
[2026-06-15T17:22:26.226+0000] {processor.py:186} INFO - Started process (PID=479) to work on /opt/airflow/dags/etl_core.py
[2026-06-15T17:22:26.228+0000] {processor.py:914} INFO - Processing file /opt/airflow/dags/etl_core.py for tasks to queue
[2026-06-15T17:22:26.234+0000] {logging_mixin.py:190} INFO - [2026-06-15T17:22:26.233+0000] {dagbag.py:588} INFO - Filling up the DagBag from /opt/airflow/dags/etl_core.py
[2026-06-15T17:22:26.270+0000] {processor.py:925} INFO - DAG(s) 'load_core_layer' retrieved from /opt/airflow/dags/etl_core.py
[2026-06-15T17:22:26.308+0000] {logging_mixin.py:190} INFO - [2026-06-15T17:22:26.308+0000] {dag.py:3239} INFO - Sync 1 DAGs
[2026-06-15T17:22:26.350+0000] {logging_mixin.py:190} INFO - [2026-06-15T17:22:26.350+0000] {dag.py:4180} INFO - Setting next_dagrun for load_core_layer to 2026-06-15 00:00:00+00:00, run_after=2026-06-16 00:00:00+00:00
[2026-06-15T17:22:26.547+0000] {processor.py:208} INFO - Processing /opt/airflow/dags/etl_core.py took 0.330 seconds
[2026-06-15T17:22:57.204+0000] {processor.py:186} INFO - Started process (PID=489) to work on /opt/airflow/dags/etl_core.py
[2026-06-15T17:22:57.207+0000] {processor.py:914} INFO - Processing file /opt/airflow/dags/etl_core.py for tasks to queue
[2026-06-15T17:22:57.211+0000] {logging_mixin.py:190} INFO - [2026-06-15T17:22:57.210+0000] {dagbag.py:588} INFO - Filling up the DagBag from /opt/airflow/dags/etl_core.py
[2026-06-15T17:22:57.254+0000] {processor.py:925} INFO - DAG(s) 'load_core_layer' retrieved from /opt/airflow/dags/etl_core.py
[2026-06-15T17:22:57.301+0000] {logging_mixin.py:190} INFO - [2026-06-15T17:22:57.300+0000] {dag.py:3239} INFO - Sync 1 DAGs
[2026-06-15T17:22:57.350+0000] {logging_mixin.py:190} INFO - [2026-06-15T17:22:57.349+0000] {dag.py:4180} INFO - Setting next_dagrun for load_core_layer to 2026-06-15 00:00:00+00:00, run_after=2026-06-16 00:00:00+00:00
[2026-06-15T17:22:57.586+0000] {processor.py:208} INFO - Processing /opt/airflow/dags/etl_core.py took 0.390 seconds
