[2026-06-19T08:32:19.388+0000] {processor.py:186} INFO - Started process (PID=166) to work on /opt/airflow/dags/etl_ods.py
[2026-06-19T08:32:19.405+0000] {processor.py:914} INFO - Processing file /opt/airflow/dags/etl_ods.py for tasks to queue
[2026-06-19T08:32:19.451+0000] {logging_mixin.py:190} INFO - [2026-06-19T08:32:19.450+0000] {dagbag.py:588} INFO - Filling up the DagBag from /opt/airflow/dags/etl_ods.py
[2026-06-19T08:32:19.533+0000] {processor.py:925} INFO - DAG(s) 'load_ods_layer' retrieved from /opt/airflow/dags/etl_ods.py
[2026-06-19T08:32:19.798+0000] {logging_mixin.py:190} INFO - [2026-06-19T08:32:19.797+0000] {dag.py:3239} INFO - Sync 1 DAGs
[2026-06-19T08:32:20.376+0000] {logging_mixin.py:190} INFO - [2026-06-19T08:32:20.374+0000] {dag.py:4180} INFO - Setting next_dagrun for load_ods_layer to 2026-06-19 00:00:00+00:00, run_after=2026-06-20 00:00:00+00:00
[2026-06-19T08:32:20.668+0000] {processor.py:208} INFO - Processing /opt/airflow/dags/etl_ods.py took 1.305 seconds
[2026-06-19T08:32:51.778+0000] {processor.py:186} INFO - Started process (PID=207) to work on /opt/airflow/dags/etl_ods.py
[2026-06-19T08:32:51.782+0000] {processor.py:914} INFO - Processing file /opt/airflow/dags/etl_ods.py for tasks to queue
[2026-06-19T08:32:51.843+0000] {logging_mixin.py:190} INFO - [2026-06-19T08:32:51.842+0000] {dagbag.py:588} INFO - Filling up the DagBag from /opt/airflow/dags/etl_ods.py
[2026-06-19T08:32:51.972+0000] {processor.py:925} INFO - DAG(s) 'load_ods_layer' retrieved from /opt/airflow/dags/etl_ods.py
[2026-06-19T08:32:52.102+0000] {logging_mixin.py:190} INFO - [2026-06-19T08:32:52.101+0000] {dag.py:3239} INFO - Sync 1 DAGs
[2026-06-19T08:32:52.234+0000] {logging_mixin.py:190} INFO - [2026-06-19T08:32:52.233+0000] {dag.py:4180} INFO - Setting next_dagrun for load_ods_layer to 2026-06-19 00:00:00+00:00, run_after=2026-06-20 00:00:00+00:00
[2026-06-19T08:32:52.355+0000] {processor.py:208} INFO - Processing /opt/airflow/dags/etl_ods.py took 0.598 seconds
[2026-06-19T08:33:23.216+0000] {processor.py:186} INFO - Started process (PID=217) to work on /opt/airflow/dags/etl_ods.py
[2026-06-19T08:33:23.220+0000] {processor.py:914} INFO - Processing file /opt/airflow/dags/etl_ods.py for tasks to queue
[2026-06-19T08:33:23.227+0000] {logging_mixin.py:190} INFO - [2026-06-19T08:33:23.226+0000] {dagbag.py:588} INFO - Filling up the DagBag from /opt/airflow/dags/etl_ods.py
[2026-06-19T08:33:23.338+0000] {processor.py:925} INFO - DAG(s) 'load_ods_layer' retrieved from /opt/airflow/dags/etl_ods.py
[2026-06-19T08:33:23.512+0000] {logging_mixin.py:190} INFO - [2026-06-19T08:33:23.512+0000] {dag.py:3239} INFO - Sync 1 DAGs
[2026-06-19T08:33:23.685+0000] {logging_mixin.py:190} INFO - [2026-06-19T08:33:23.684+0000] {dag.py:4180} INFO - Setting next_dagrun for load_ods_layer to 2026-06-19 00:00:00+00:00, run_after=2026-06-20 00:00:00+00:00
[2026-06-19T08:33:23.794+0000] {processor.py:208} INFO - Processing /opt/airflow/dags/etl_ods.py took 0.610 seconds
[2026-06-19T08:33:54.652+0000] {processor.py:186} INFO - Started process (PID=227) to work on /opt/airflow/dags/etl_ods.py
[2026-06-19T08:33:54.655+0000] {processor.py:914} INFO - Processing file /opt/airflow/dags/etl_ods.py for tasks to queue
[2026-06-19T08:33:54.660+0000] {logging_mixin.py:190} INFO - [2026-06-19T08:33:54.659+0000] {dagbag.py:588} INFO - Filling up the DagBag from /opt/airflow/dags/etl_ods.py
[2026-06-19T08:33:54.694+0000] {processor.py:925} INFO - DAG(s) 'load_ods_layer' retrieved from /opt/airflow/dags/etl_ods.py
[2026-06-19T08:33:54.778+0000] {logging_mixin.py:190} INFO - [2026-06-19T08:33:54.777+0000] {dag.py:3239} INFO - Sync 1 DAGs
[2026-06-19T08:33:54.903+0000] {logging_mixin.py:190} INFO - [2026-06-19T08:33:54.903+0000] {dag.py:4180} INFO - Setting next_dagrun for load_ods_layer to 2026-06-19 00:00:00+00:00, run_after=2026-06-20 00:00:00+00:00
[2026-06-19T08:33:55.092+0000] {processor.py:208} INFO - Processing /opt/airflow/dags/etl_ods.py took 0.453 seconds
[2026-06-19T08:34:25.582+0000] {processor.py:186} INFO - Started process (PID=237) to work on /opt/airflow/dags/etl_ods.py
[2026-06-19T08:34:25.584+0000] {processor.py:914} INFO - Processing file /opt/airflow/dags/etl_ods.py for tasks to queue
[2026-06-19T08:34:25.589+0000] {logging_mixin.py:190} INFO - [2026-06-19T08:34:25.588+0000] {dagbag.py:588} INFO - Filling up the DagBag from /opt/airflow/dags/etl_ods.py
[2026-06-19T08:34:25.617+0000] {processor.py:925} INFO - DAG(s) 'load_ods_layer' retrieved from /opt/airflow/dags/etl_ods.py
[2026-06-19T08:34:25.656+0000] {logging_mixin.py:190} INFO - [2026-06-19T08:34:25.656+0000] {dag.py:3239} INFO - Sync 1 DAGs
[2026-06-19T08:34:25.701+0000] {logging_mixin.py:190} INFO - [2026-06-19T08:34:25.701+0000] {dag.py:4180} INFO - Setting next_dagrun for load_ods_layer to 2026-06-19 00:00:00+00:00, run_after=2026-06-20 00:00:00+00:00
[2026-06-19T08:34:25.761+0000] {processor.py:208} INFO - Processing /opt/airflow/dags/etl_ods.py took 0.190 seconds
[2026-06-19T08:34:56.866+0000] {processor.py:186} INFO - Started process (PID=247) to work on /opt/airflow/dags/etl_ods.py
[2026-06-19T08:34:56.869+0000] {processor.py:914} INFO - Processing file /opt/airflow/dags/etl_ods.py for tasks to queue
[2026-06-19T08:34:56.874+0000] {logging_mixin.py:190} INFO - [2026-06-19T08:34:56.874+0000] {dagbag.py:588} INFO - Filling up the DagBag from /opt/airflow/dags/etl_ods.py
[2026-06-19T08:34:56.913+0000] {processor.py:925} INFO - DAG(s) 'load_ods_layer' retrieved from /opt/airflow/dags/etl_ods.py
[2026-06-19T08:34:56.967+0000] {logging_mixin.py:190} INFO - [2026-06-19T08:34:56.967+0000] {dag.py:3239} INFO - Sync 1 DAGs
[2026-06-19T08:34:57.023+0000] {logging_mixin.py:190} INFO - [2026-06-19T08:34:57.022+0000] {dag.py:4180} INFO - Setting next_dagrun for load_ods_layer to 2026-06-19 00:00:00+00:00, run_after=2026-06-20 00:00:00+00:00
[2026-06-19T08:34:57.131+0000] {processor.py:208} INFO - Processing /opt/airflow/dags/etl_ods.py took 0.281 seconds
[2026-06-19T08:35:27.308+0000] {processor.py:186} INFO - Started process (PID=257) to work on /opt/airflow/dags/etl_ods.py
[2026-06-19T08:35:27.311+0000] {processor.py:914} INFO - Processing file /opt/airflow/dags/etl_ods.py for tasks to queue
[2026-06-19T08:35:27.316+0000] {logging_mixin.py:190} INFO - [2026-06-19T08:35:27.315+0000] {dagbag.py:588} INFO - Filling up the DagBag from /opt/airflow/dags/etl_ods.py
[2026-06-19T08:35:27.387+0000] {processor.py:925} INFO - DAG(s) 'load_ods_layer' retrieved from /opt/airflow/dags/etl_ods.py
[2026-06-19T08:35:27.449+0000] {logging_mixin.py:190} INFO - [2026-06-19T08:35:27.448+0000] {dag.py:3239} INFO - Sync 1 DAGs
[2026-06-19T08:35:27.506+0000] {logging_mixin.py:190} INFO - [2026-06-19T08:35:27.506+0000] {dag.py:4180} INFO - Setting next_dagrun for load_ods_layer to 2026-06-19 00:00:00+00:00, run_after=2026-06-20 00:00:00+00:00
[2026-06-19T08:35:27.568+0000] {processor.py:208} INFO - Processing /opt/airflow/dags/etl_ods.py took 0.273 seconds
[2026-06-19T08:35:57.764+0000] {processor.py:186} INFO - Started process (PID=267) to work on /opt/airflow/dags/etl_ods.py
[2026-06-19T08:35:57.769+0000] {processor.py:914} INFO - Processing file /opt/airflow/dags/etl_ods.py for tasks to queue
[2026-06-19T08:35:57.776+0000] {logging_mixin.py:190} INFO - [2026-06-19T08:35:57.775+0000] {dagbag.py:588} INFO - Filling up the DagBag from /opt/airflow/dags/etl_ods.py
[2026-06-19T08:35:57.818+0000] {processor.py:925} INFO - DAG(s) 'load_ods_layer' retrieved from /opt/airflow/dags/etl_ods.py
[2026-06-19T08:35:57.891+0000] {logging_mixin.py:190} INFO - [2026-06-19T08:35:57.891+0000] {dag.py:3239} INFO - Sync 1 DAGs
[2026-06-19T08:35:57.956+0000] {logging_mixin.py:190} INFO - [2026-06-19T08:35:57.956+0000] {dag.py:4180} INFO - Setting next_dagrun for load_ods_layer to 2026-06-19 00:00:00+00:00, run_after=2026-06-20 00:00:00+00:00
[2026-06-19T08:35:58.039+0000] {processor.py:208} INFO - Processing /opt/airflow/dags/etl_ods.py took 0.297 seconds
[2026-06-19T08:36:30.340+0000] {processor.py:186} INFO - Started process (PID=277) to work on /opt/airflow/dags/etl_ods.py
[2026-06-19T08:36:30.343+0000] {processor.py:914} INFO - Processing file /opt/airflow/dags/etl_ods.py for tasks to queue
[2026-06-19T08:36:30.348+0000] {logging_mixin.py:190} INFO - [2026-06-19T08:36:30.347+0000] {dagbag.py:588} INFO - Filling up the DagBag from /opt/airflow/dags/etl_ods.py
[2026-06-19T08:36:30.381+0000] {processor.py:925} INFO - DAG(s) 'load_ods_layer' retrieved from /opt/airflow/dags/etl_ods.py
[2026-06-19T08:36:30.418+0000] {logging_mixin.py:190} INFO - [2026-06-19T08:36:30.418+0000] {dag.py:3239} INFO - Sync 1 DAGs
[2026-06-19T08:36:30.452+0000] {logging_mixin.py:190} INFO - [2026-06-19T08:36:30.451+0000] {dag.py:4180} INFO - Setting next_dagrun for load_ods_layer to 2026-06-19 00:00:00+00:00, run_after=2026-06-20 00:00:00+00:00
[2026-06-19T08:36:30.507+0000] {processor.py:208} INFO - Processing /opt/airflow/dags/etl_ods.py took 0.178 seconds
[2026-06-19T08:37:01.616+0000] {processor.py:186} INFO - Started process (PID=287) to work on /opt/airflow/dags/etl_ods.py
[2026-06-19T08:37:01.618+0000] {processor.py:914} INFO - Processing file /opt/airflow/dags/etl_ods.py for tasks to queue
[2026-06-19T08:37:01.622+0000] {logging_mixin.py:190} INFO - [2026-06-19T08:37:01.621+0000] {dagbag.py:588} INFO - Filling up the DagBag from /opt/airflow/dags/etl_ods.py
[2026-06-19T08:37:01.653+0000] {processor.py:925} INFO - DAG(s) 'load_ods_layer' retrieved from /opt/airflow/dags/etl_ods.py
[2026-06-19T08:37:01.692+0000] {logging_mixin.py:190} INFO - [2026-06-19T08:37:01.692+0000] {dag.py:3239} INFO - Sync 1 DAGs
[2026-06-19T08:37:01.728+0000] {logging_mixin.py:190} INFO - [2026-06-19T08:37:01.728+0000] {dag.py:4180} INFO - Setting next_dagrun for load_ods_layer to 2026-06-19 00:00:00+00:00, run_after=2026-06-20 00:00:00+00:00
[2026-06-19T08:37:01.919+0000] {processor.py:208} INFO - Processing /opt/airflow/dags/etl_ods.py took 0.311 seconds
[2026-06-19T08:37:34.339+0000] {processor.py:186} INFO - Started process (PID=315) to work on /opt/airflow/dags/etl_ods.py
[2026-06-19T08:37:34.341+0000] {processor.py:914} INFO - Processing file /opt/airflow/dags/etl_ods.py for tasks to queue
[2026-06-19T08:37:34.345+0000] {logging_mixin.py:190} INFO - [2026-06-19T08:37:34.344+0000] {dagbag.py:588} INFO - Filling up the DagBag from /opt/airflow/dags/etl_ods.py
[2026-06-19T08:37:34.376+0000] {processor.py:925} INFO - DAG(s) 'load_ods_layer' retrieved from /opt/airflow/dags/etl_ods.py
[2026-06-19T08:37:34.413+0000] {logging_mixin.py:190} INFO - [2026-06-19T08:37:34.413+0000] {dag.py:3239} INFO - Sync 1 DAGs
[2026-06-19T08:37:34.455+0000] {logging_mixin.py:190} INFO - [2026-06-19T08:37:34.455+0000] {dag.py:4180} INFO - Setting next_dagrun for load_ods_layer to 2026-06-19 00:00:00+00:00, run_after=2026-06-20 00:00:00+00:00
[2026-06-19T08:37:34.545+0000] {processor.py:208} INFO - Processing /opt/airflow/dags/etl_ods.py took 0.217 seconds
[2026-06-19T08:38:06.019+0000] {processor.py:186} INFO - Started process (PID=325) to work on /opt/airflow/dags/etl_ods.py
[2026-06-19T08:38:06.022+0000] {processor.py:914} INFO - Processing file /opt/airflow/dags/etl_ods.py for tasks to queue
[2026-06-19T08:38:06.028+0000] {logging_mixin.py:190} INFO - [2026-06-19T08:38:06.027+0000] {dagbag.py:588} INFO - Filling up the DagBag from /opt/airflow/dags/etl_ods.py
[2026-06-19T08:38:06.079+0000] {processor.py:925} INFO - DAG(s) 'load_ods_layer' retrieved from /opt/airflow/dags/etl_ods.py
[2026-06-19T08:38:06.170+0000] {logging_mixin.py:190} INFO - [2026-06-19T08:38:06.169+0000] {dag.py:3239} INFO - Sync 1 DAGs
[2026-06-19T08:38:06.251+0000] {logging_mixin.py:190} INFO - [2026-06-19T08:38:06.250+0000] {dag.py:4180} INFO - Setting next_dagrun for load_ods_layer to 2026-06-19 00:00:00+00:00, run_after=2026-06-20 00:00:00+00:00
[2026-06-19T08:38:06.343+0000] {processor.py:208} INFO - Processing /opt/airflow/dags/etl_ods.py took 0.342 seconds
[2026-06-19T08:38:37.780+0000] {processor.py:186} INFO - Started process (PID=335) to work on /opt/airflow/dags/etl_ods.py
[2026-06-19T08:38:37.788+0000] {processor.py:914} INFO - Processing file /opt/airflow/dags/etl_ods.py for tasks to queue
[2026-06-19T08:38:37.795+0000] {logging_mixin.py:190} INFO - [2026-06-19T08:38:37.795+0000] {dagbag.py:588} INFO - Filling up the DagBag from /opt/airflow/dags/etl_ods.py
[2026-06-19T08:38:37.893+0000] {processor.py:925} INFO - DAG(s) 'load_ods_layer' retrieved from /opt/airflow/dags/etl_ods.py
[2026-06-19T08:38:38.026+0000] {logging_mixin.py:190} INFO - [2026-06-19T08:38:38.017+0000] {dag.py:3239} INFO - Sync 1 DAGs
[2026-06-19T08:38:38.179+0000] {logging_mixin.py:190} INFO - [2026-06-19T08:38:38.178+0000] {dag.py:4180} INFO - Setting next_dagrun for load_ods_layer to 2026-06-19 00:00:00+00:00, run_after=2026-06-20 00:00:00+00:00
[2026-06-19T08:38:38.319+0000] {processor.py:208} INFO - Processing /opt/airflow/dags/etl_ods.py took 0.564 seconds
[2026-06-19T08:39:09.598+0000] {processor.py:186} INFO - Started process (PID=345) to work on /opt/airflow/dags/etl_ods.py
[2026-06-19T08:39:09.600+0000] {processor.py:914} INFO - Processing file /opt/airflow/dags/etl_ods.py for tasks to queue
[2026-06-19T08:39:09.606+0000] {logging_mixin.py:190} INFO - [2026-06-19T08:39:09.605+0000] {dagbag.py:588} INFO - Filling up the DagBag from /opt/airflow/dags/etl_ods.py
[2026-06-19T08:39:09.653+0000] {processor.py:925} INFO - DAG(s) 'load_ods_layer' retrieved from /opt/airflow/dags/etl_ods.py
[2026-06-19T08:39:09.725+0000] {logging_mixin.py:190} INFO - [2026-06-19T08:39:09.725+0000] {dag.py:3239} INFO - Sync 1 DAGs
[2026-06-19T08:39:09.782+0000] {logging_mixin.py:190} INFO - [2026-06-19T08:39:09.782+0000] {dag.py:4180} INFO - Setting next_dagrun for load_ods_layer to 2026-06-19 00:00:00+00:00, run_after=2026-06-20 00:00:00+00:00
[2026-06-19T08:39:09.879+0000] {processor.py:208} INFO - Processing /opt/airflow/dags/etl_ods.py took 0.301 seconds
[2026-06-19T08:39:41.109+0000] {processor.py:186} INFO - Started process (PID=355) to work on /opt/airflow/dags/etl_ods.py
[2026-06-19T08:39:41.112+0000] {processor.py:914} INFO - Processing file /opt/airflow/dags/etl_ods.py for tasks to queue
[2026-06-19T08:39:41.119+0000] {logging_mixin.py:190} INFO - [2026-06-19T08:39:41.118+0000] {dagbag.py:588} INFO - Filling up the DagBag from /opt/airflow/dags/etl_ods.py
[2026-06-19T08:39:41.159+0000] {processor.py:925} INFO - DAG(s) 'load_ods_layer' retrieved from /opt/airflow/dags/etl_ods.py
[2026-06-19T08:39:41.236+0000] {logging_mixin.py:190} INFO - [2026-06-19T08:39:41.235+0000] {dag.py:3239} INFO - Sync 1 DAGs
[2026-06-19T08:39:41.299+0000] {logging_mixin.py:190} INFO - [2026-06-19T08:39:41.298+0000] {dag.py:4180} INFO - Setting next_dagrun for load_ods_layer to 2026-06-19 00:00:00+00:00, run_after=2026-06-20 00:00:00+00:00
[2026-06-19T08:39:41.404+0000] {processor.py:208} INFO - Processing /opt/airflow/dags/etl_ods.py took 0.316 seconds
[2026-06-19T08:40:13.495+0000] {processor.py:186} INFO - Started process (PID=365) to work on /opt/airflow/dags/etl_ods.py
[2026-06-19T08:40:13.500+0000] {processor.py:914} INFO - Processing file /opt/airflow/dags/etl_ods.py for tasks to queue
[2026-06-19T08:40:13.509+0000] {logging_mixin.py:190} INFO - [2026-06-19T08:40:13.508+0000] {dagbag.py:588} INFO - Filling up the DagBag from /opt/airflow/dags/etl_ods.py
[2026-06-19T08:40:13.554+0000] {processor.py:925} INFO - DAG(s) 'load_ods_layer' retrieved from /opt/airflow/dags/etl_ods.py
[2026-06-19T08:40:13.606+0000] {logging_mixin.py:190} INFO - [2026-06-19T08:40:13.606+0000] {dag.py:3239} INFO - Sync 1 DAGs
[2026-06-19T08:40:13.654+0000] {logging_mixin.py:190} INFO - [2026-06-19T08:40:13.654+0000] {dag.py:4180} INFO - Setting next_dagrun for load_ods_layer to 2026-06-19 00:00:00+00:00, run_after=2026-06-20 00:00:00+00:00
[2026-06-19T08:40:13.744+0000] {processor.py:208} INFO - Processing /opt/airflow/dags/etl_ods.py took 0.271 seconds
[2026-06-19T08:40:44.603+0000] {processor.py:186} INFO - Started process (PID=375) to work on /opt/airflow/dags/etl_ods.py
[2026-06-19T08:40:44.605+0000] {processor.py:914} INFO - Processing file /opt/airflow/dags/etl_ods.py for tasks to queue
[2026-06-19T08:40:44.609+0000] {logging_mixin.py:190} INFO - [2026-06-19T08:40:44.609+0000] {dagbag.py:588} INFO - Filling up the DagBag from /opt/airflow/dags/etl_ods.py
[2026-06-19T08:40:44.643+0000] {processor.py:925} INFO - DAG(s) 'load_ods_layer' retrieved from /opt/airflow/dags/etl_ods.py
[2026-06-19T08:40:44.689+0000] {logging_mixin.py:190} INFO - [2026-06-19T08:40:44.688+0000] {dag.py:3239} INFO - Sync 1 DAGs
[2026-06-19T08:40:44.726+0000] {logging_mixin.py:190} INFO - [2026-06-19T08:40:44.726+0000] {dag.py:4180} INFO - Setting next_dagrun for load_ods_layer to 2026-06-19 00:00:00+00:00, run_after=2026-06-20 00:00:00+00:00
[2026-06-19T08:40:44.794+0000] {processor.py:208} INFO - Processing /opt/airflow/dags/etl_ods.py took 0.203 seconds
[2026-06-19T08:41:15.878+0000] {processor.py:186} INFO - Started process (PID=385) to work on /opt/airflow/dags/etl_ods.py
[2026-06-19T08:41:15.881+0000] {processor.py:914} INFO - Processing file /opt/airflow/dags/etl_ods.py for tasks to queue
[2026-06-19T08:41:15.888+0000] {logging_mixin.py:190} INFO - [2026-06-19T08:41:15.887+0000] {dagbag.py:588} INFO - Filling up the DagBag from /opt/airflow/dags/etl_ods.py
[2026-06-19T08:41:15.922+0000] {processor.py:925} INFO - DAG(s) 'load_ods_layer' retrieved from /opt/airflow/dags/etl_ods.py
[2026-06-19T08:41:15.968+0000] {logging_mixin.py:190} INFO - [2026-06-19T08:41:15.968+0000] {dag.py:3239} INFO - Sync 1 DAGs
[2026-06-19T08:41:16.011+0000] {logging_mixin.py:190} INFO - [2026-06-19T08:41:16.011+0000] {dag.py:4180} INFO - Setting next_dagrun for load_ods_layer to 2026-06-19 00:00:00+00:00, run_after=2026-06-20 00:00:00+00:00
[2026-06-19T08:41:16.784+0000] {processor.py:208} INFO - Processing /opt/airflow/dags/etl_ods.py took 0.928 seconds
[2026-06-19T08:41:47.396+0000] {processor.py:186} INFO - Started process (PID=395) to work on /opt/airflow/dags/etl_ods.py
[2026-06-19T08:41:47.399+0000] {processor.py:914} INFO - Processing file /opt/airflow/dags/etl_ods.py for tasks to queue
[2026-06-19T08:41:47.404+0000] {logging_mixin.py:190} INFO - [2026-06-19T08:41:47.403+0000] {dagbag.py:588} INFO - Filling up the DagBag from /opt/airflow/dags/etl_ods.py
[2026-06-19T08:41:47.437+0000] {processor.py:925} INFO - DAG(s) 'load_ods_layer' retrieved from /opt/airflow/dags/etl_ods.py
[2026-06-19T08:41:47.478+0000] {logging_mixin.py:190} INFO - [2026-06-19T08:41:47.478+0000] {dag.py:3239} INFO - Sync 1 DAGs
[2026-06-19T08:41:47.516+0000] {logging_mixin.py:190} INFO - [2026-06-19T08:41:47.516+0000] {dag.py:4180} INFO - Setting next_dagrun for load_ods_layer to 2026-06-19 00:00:00+00:00, run_after=2026-06-20 00:00:00+00:00
[2026-06-19T08:41:47.573+0000] {processor.py:208} INFO - Processing /opt/airflow/dags/etl_ods.py took 0.194 seconds
[2026-06-19T08:42:17.924+0000] {processor.py:186} INFO - Started process (PID=405) to work on /opt/airflow/dags/etl_ods.py
[2026-06-19T08:42:17.926+0000] {processor.py:914} INFO - Processing file /opt/airflow/dags/etl_ods.py for tasks to queue
[2026-06-19T08:42:17.931+0000] {logging_mixin.py:190} INFO - [2026-06-19T08:42:17.930+0000] {dagbag.py:588} INFO - Filling up the DagBag from /opt/airflow/dags/etl_ods.py
[2026-06-19T08:42:17.966+0000] {processor.py:925} INFO - DAG(s) 'load_ods_layer' retrieved from /opt/airflow/dags/etl_ods.py
[2026-06-19T08:42:18.011+0000] {logging_mixin.py:190} INFO - [2026-06-19T08:42:18.011+0000] {dag.py:3239} INFO - Sync 1 DAGs
[2026-06-19T08:42:18.050+0000] {logging_mixin.py:190} INFO - [2026-06-19T08:42:18.050+0000] {dag.py:4180} INFO - Setting next_dagrun for load_ods_layer to 2026-06-19 00:00:00+00:00, run_after=2026-06-20 00:00:00+00:00
[2026-06-19T08:42:18.124+0000] {processor.py:208} INFO - Processing /opt/airflow/dags/etl_ods.py took 0.210 seconds
[2026-06-19T08:42:48.527+0000] {processor.py:186} INFO - Started process (PID=415) to work on /opt/airflow/dags/etl_ods.py
[2026-06-19T08:42:48.532+0000] {processor.py:914} INFO - Processing file /opt/airflow/dags/etl_ods.py for tasks to queue
[2026-06-19T08:42:48.539+0000] {logging_mixin.py:190} INFO - [2026-06-19T08:42:48.538+0000] {dagbag.py:588} INFO - Filling up the DagBag from /opt/airflow/dags/etl_ods.py
[2026-06-19T08:42:48.582+0000] {processor.py:925} INFO - DAG(s) 'load_ods_layer' retrieved from /opt/airflow/dags/etl_ods.py
[2026-06-19T08:42:48.628+0000] {logging_mixin.py:190} INFO - [2026-06-19T08:42:48.627+0000] {dag.py:3239} INFO - Sync 1 DAGs
[2026-06-19T08:42:48.667+0000] {logging_mixin.py:190} INFO - [2026-06-19T08:42:48.667+0000] {dag.py:4180} INFO - Setting next_dagrun for load_ods_layer to 2026-06-19 00:00:00+00:00, run_after=2026-06-20 00:00:00+00:00
[2026-06-19T08:42:48.729+0000] {processor.py:208} INFO - Processing /opt/airflow/dags/etl_ods.py took 0.215 seconds
[2026-06-19T08:43:19.242+0000] {processor.py:186} INFO - Started process (PID=425) to work on /opt/airflow/dags/etl_ods.py
[2026-06-19T08:43:19.244+0000] {processor.py:914} INFO - Processing file /opt/airflow/dags/etl_ods.py for tasks to queue
[2026-06-19T08:43:19.249+0000] {logging_mixin.py:190} INFO - [2026-06-19T08:43:19.248+0000] {dagbag.py:588} INFO - Filling up the DagBag from /opt/airflow/dags/etl_ods.py
[2026-06-19T08:43:19.282+0000] {processor.py:925} INFO - DAG(s) 'load_ods_layer' retrieved from /opt/airflow/dags/etl_ods.py
[2026-06-19T08:43:19.323+0000] {logging_mixin.py:190} INFO - [2026-06-19T08:43:19.322+0000] {dag.py:3239} INFO - Sync 1 DAGs
[2026-06-19T08:43:19.361+0000] {logging_mixin.py:190} INFO - [2026-06-19T08:43:19.360+0000] {dag.py:4180} INFO - Setting next_dagrun for load_ods_layer to 2026-06-19 00:00:00+00:00, run_after=2026-06-20 00:00:00+00:00
[2026-06-19T08:43:19.548+0000] {processor.py:208} INFO - Processing /opt/airflow/dags/etl_ods.py took 0.318 seconds
[2026-06-19T08:43:49.710+0000] {processor.py:186} INFO - Started process (PID=435) to work on /opt/airflow/dags/etl_ods.py
[2026-06-19T08:43:49.712+0000] {processor.py:914} INFO - Processing file /opt/airflow/dags/etl_ods.py for tasks to queue
[2026-06-19T08:43:49.717+0000] {logging_mixin.py:190} INFO - [2026-06-19T08:43:49.716+0000] {dagbag.py:588} INFO - Filling up the DagBag from /opt/airflow/dags/etl_ods.py
[2026-06-19T08:43:49.752+0000] {processor.py:925} INFO - DAG(s) 'load_ods_layer' retrieved from /opt/airflow/dags/etl_ods.py
[2026-06-19T08:43:49.793+0000] {logging_mixin.py:190} INFO - [2026-06-19T08:43:49.793+0000] {dag.py:3239} INFO - Sync 1 DAGs
[2026-06-19T08:43:49.832+0000] {logging_mixin.py:190} INFO - [2026-06-19T08:43:49.832+0000] {dag.py:4180} INFO - Setting next_dagrun for load_ods_layer to 2026-06-19 00:00:00+00:00, run_after=2026-06-20 00:00:00+00:00
[2026-06-19T08:43:49.939+0000] {processor.py:208} INFO - Processing /opt/airflow/dags/etl_ods.py took 0.238 seconds
[2026-06-19T08:44:20.332+0000] {processor.py:186} INFO - Started process (PID=445) to work on /opt/airflow/dags/etl_ods.py
[2026-06-19T08:44:20.335+0000] {processor.py:914} INFO - Processing file /opt/airflow/dags/etl_ods.py for tasks to queue
[2026-06-19T08:44:20.340+0000] {logging_mixin.py:190} INFO - [2026-06-19T08:44:20.340+0000] {dagbag.py:588} INFO - Filling up the DagBag from /opt/airflow/dags/etl_ods.py
[2026-06-19T08:44:20.379+0000] {processor.py:925} INFO - DAG(s) 'load_ods_layer' retrieved from /opt/airflow/dags/etl_ods.py
[2026-06-19T08:44:20.424+0000] {logging_mixin.py:190} INFO - [2026-06-19T08:44:20.424+0000] {dag.py:3239} INFO - Sync 1 DAGs
[2026-06-19T08:44:20.467+0000] {logging_mixin.py:190} INFO - [2026-06-19T08:44:20.467+0000] {dag.py:4180} INFO - Setting next_dagrun for load_ods_layer to 2026-06-19 00:00:00+00:00, run_after=2026-06-20 00:00:00+00:00
[2026-06-19T08:44:20.550+0000] {processor.py:208} INFO - Processing /opt/airflow/dags/etl_ods.py took 0.236 seconds
