[2026-06-19T08:32:19.478+0000] {processor.py:186} INFO - Started process (PID=169) to work on /opt/airflow/dags/etl_core.py
[2026-06-19T08:32:19.482+0000] {processor.py:914} INFO - Processing file /opt/airflow/dags/etl_core.py for tasks to queue
[2026-06-19T08:32:19.494+0000] {logging_mixin.py:190} INFO - [2026-06-19T08:32:19.493+0000] {dagbag.py:588} INFO - Filling up the DagBag from /opt/airflow/dags/etl_core.py
[2026-06-19T08:32:19.589+0000] {processor.py:925} INFO - DAG(s) 'load_core_layer' retrieved from /opt/airflow/dags/etl_core.py
[2026-06-19T08:32:19.800+0000] {logging_mixin.py:190} INFO - [2026-06-19T08:32:19.799+0000] {dag.py:3239} INFO - Sync 1 DAGs
[2026-06-19T08:32:20.373+0000] {logging_mixin.py:190} INFO - [2026-06-19T08:32:20.372+0000] {dag.py:4180} INFO - Setting next_dagrun for load_core_layer to 2026-06-19 00:00:00+00:00, run_after=2026-06-20 00:00:00+00:00
[2026-06-19T08:32:20.705+0000] {processor.py:208} INFO - Processing /opt/airflow/dags/etl_core.py took 1.253 seconds
[2026-06-19T08:32:51.854+0000] {processor.py:186} INFO - Started process (PID=210) to work on /opt/airflow/dags/etl_core.py
[2026-06-19T08:32:51.889+0000] {processor.py:914} INFO - Processing file /opt/airflow/dags/etl_core.py for tasks to queue
[2026-06-19T08:32:51.896+0000] {logging_mixin.py:190} INFO - [2026-06-19T08:32:51.895+0000] {dagbag.py:588} INFO - Filling up the DagBag from /opt/airflow/dags/etl_core.py
[2026-06-19T08:32:52.163+0000] {processor.py:925} INFO - DAG(s) 'load_core_layer' retrieved from /opt/airflow/dags/etl_core.py
[2026-06-19T08:32:52.265+0000] {logging_mixin.py:190} INFO - [2026-06-19T08:32:52.264+0000] {dag.py:3239} INFO - Sync 1 DAGs
[2026-06-19T08:32:52.402+0000] {logging_mixin.py:190} INFO - [2026-06-19T08:32:52.401+0000] {dag.py:4180} INFO - Setting next_dagrun for load_core_layer to 2026-06-19 00:00:00+00:00, run_after=2026-06-20 00:00:00+00:00
[2026-06-19T08:32:52.684+0000] {processor.py:208} INFO - Processing /opt/airflow/dags/etl_core.py took 0.859 seconds
[2026-06-19T08:33:23.237+0000] {processor.py:186} INFO - Started process (PID=220) to work on /opt/airflow/dags/etl_core.py
[2026-06-19T08:33:23.272+0000] {processor.py:914} INFO - Processing file /opt/airflow/dags/etl_core.py for tasks to queue
[2026-06-19T08:33:23.384+0000] {logging_mixin.py:190} INFO - [2026-06-19T08:33:23.384+0000] {dagbag.py:588} INFO - Filling up the DagBag from /opt/airflow/dags/etl_core.py
[2026-06-19T08:33:23.686+0000] {processor.py:925} INFO - DAG(s) 'load_core_layer' retrieved from /opt/airflow/dags/etl_core.py
[2026-06-19T08:33:23.761+0000] {logging_mixin.py:190} INFO - [2026-06-19T08:33:23.761+0000] {dag.py:3239} INFO - Sync 1 DAGs
[2026-06-19T08:33:24.014+0000] {logging_mixin.py:190} INFO - [2026-06-19T08:33:24.013+0000] {dag.py:4180} INFO - Setting next_dagrun for load_core_layer to 2026-06-19 00:00:00+00:00, run_after=2026-06-20 00:00:00+00:00
[2026-06-19T08:33:24.250+0000] {processor.py:208} INFO - Processing /opt/airflow/dags/etl_core.py took 1.038 seconds
[2026-06-19T08:33:54.673+0000] {processor.py:186} INFO - Started process (PID=230) to work on /opt/airflow/dags/etl_core.py
[2026-06-19T08:33:54.676+0000] {processor.py:914} INFO - Processing file /opt/airflow/dags/etl_core.py for tasks to queue
[2026-06-19T08:33:54.682+0000] {logging_mixin.py:190} INFO - [2026-06-19T08:33:54.681+0000] {dagbag.py:588} INFO - Filling up the DagBag from /opt/airflow/dags/etl_core.py
[2026-06-19T08:33:54.728+0000] {processor.py:925} INFO - DAG(s) 'load_core_layer' retrieved from /opt/airflow/dags/etl_core.py
[2026-06-19T08:33:54.800+0000] {logging_mixin.py:190} INFO - [2026-06-19T08:33:54.799+0000] {dag.py:3239} INFO - Sync 1 DAGs
[2026-06-19T08:33:54.912+0000] {logging_mixin.py:190} INFO - [2026-06-19T08:33:54.912+0000] {dag.py:4180} INFO - Setting next_dagrun for load_core_layer to 2026-06-19 00:00:00+00:00, run_after=2026-06-20 00:00:00+00:00
[2026-06-19T08:33:55.038+0000] {processor.py:208} INFO - Processing /opt/airflow/dags/etl_core.py took 0.381 seconds
[2026-06-19T08:34:25.598+0000] {processor.py:186} INFO - Started process (PID=240) to work on /opt/airflow/dags/etl_core.py
[2026-06-19T08:34:25.600+0000] {processor.py:914} INFO - Processing file /opt/airflow/dags/etl_core.py for tasks to queue
[2026-06-19T08:34:25.605+0000] {logging_mixin.py:190} INFO - [2026-06-19T08:34:25.605+0000] {dagbag.py:588} INFO - Filling up the DagBag from /opt/airflow/dags/etl_core.py
[2026-06-19T08:34:25.634+0000] {processor.py:925} INFO - DAG(s) 'load_core_layer' retrieved from /opt/airflow/dags/etl_core.py
[2026-06-19T08:34:25.667+0000] {logging_mixin.py:190} INFO - [2026-06-19T08:34:25.667+0000] {dag.py:3239} INFO - Sync 1 DAGs
[2026-06-19T08:34:25.709+0000] {logging_mixin.py:190} INFO - [2026-06-19T08:34:25.709+0000] {dag.py:4180} INFO - Setting next_dagrun for load_core_layer to 2026-06-19 00:00:00+00:00, run_after=2026-06-20 00:00:00+00:00
[2026-06-19T08:34:25.788+0000] {processor.py:208} INFO - Processing /opt/airflow/dags/etl_core.py took 0.200 seconds
[2026-06-19T08:34:56.880+0000] {processor.py:186} INFO - Started process (PID=250) to work on /opt/airflow/dags/etl_core.py
[2026-06-19T08:34:56.883+0000] {processor.py:914} INFO - Processing file /opt/airflow/dags/etl_core.py for tasks to queue
[2026-06-19T08:34:56.888+0000] {logging_mixin.py:190} INFO - [2026-06-19T08:34:56.887+0000] {dagbag.py:588} INFO - Filling up the DagBag from /opt/airflow/dags/etl_core.py
[2026-06-19T08:34:56.929+0000] {processor.py:925} INFO - DAG(s) 'load_core_layer' retrieved from /opt/airflow/dags/etl_core.py
[2026-06-19T08:34:56.967+0000] {logging_mixin.py:190} INFO - [2026-06-19T08:34:56.967+0000] {dag.py:3239} INFO - Sync 1 DAGs
[2026-06-19T08:34:57.023+0000] {logging_mixin.py:190} INFO - [2026-06-19T08:34:57.023+0000] {dag.py:4180} INFO - Setting next_dagrun for load_core_layer to 2026-06-19 00:00:00+00:00, run_after=2026-06-20 00:00:00+00:00
[2026-06-19T08:34:57.200+0000] {processor.py:208} INFO - Processing /opt/airflow/dags/etl_core.py took 0.331 seconds
[2026-06-19T08:35:27.325+0000] {processor.py:186} INFO - Started process (PID=260) to work on /opt/airflow/dags/etl_core.py
[2026-06-19T08:35:27.327+0000] {processor.py:914} INFO - Processing file /opt/airflow/dags/etl_core.py for tasks to queue
[2026-06-19T08:35:27.332+0000] {logging_mixin.py:190} INFO - [2026-06-19T08:35:27.331+0000] {dagbag.py:588} INFO - Filling up the DagBag from /opt/airflow/dags/etl_core.py
[2026-06-19T08:35:27.401+0000] {processor.py:925} INFO - DAG(s) 'load_core_layer' retrieved from /opt/airflow/dags/etl_core.py
[2026-06-19T08:35:27.454+0000] {logging_mixin.py:190} INFO - [2026-06-19T08:35:27.453+0000] {dag.py:3239} INFO - Sync 1 DAGs
[2026-06-19T08:35:27.508+0000] {logging_mixin.py:190} INFO - [2026-06-19T08:35:27.508+0000] {dag.py:4180} INFO - Setting next_dagrun for load_core_layer to 2026-06-19 00:00:00+00:00, run_after=2026-06-20 00:00:00+00:00
[2026-06-19T08:35:27.617+0000] {processor.py:208} INFO - Processing /opt/airflow/dags/etl_core.py took 0.305 seconds
[2026-06-19T08:35:57.788+0000] {processor.py:186} INFO - Started process (PID=270) to work on /opt/airflow/dags/etl_core.py
[2026-06-19T08:35:57.792+0000] {processor.py:914} INFO - Processing file /opt/airflow/dags/etl_core.py for tasks to queue
[2026-06-19T08:35:57.798+0000] {logging_mixin.py:190} INFO - [2026-06-19T08:35:57.798+0000] {dagbag.py:588} INFO - Filling up the DagBag from /opt/airflow/dags/etl_core.py
[2026-06-19T08:35:57.835+0000] {processor.py:925} INFO - DAG(s) 'load_core_layer' retrieved from /opt/airflow/dags/etl_core.py
[2026-06-19T08:35:57.895+0000] {logging_mixin.py:190} INFO - [2026-06-19T08:35:57.895+0000] {dag.py:3239} INFO - Sync 1 DAGs
[2026-06-19T08:35:57.959+0000] {logging_mixin.py:190} INFO - [2026-06-19T08:35:57.958+0000] {dag.py:4180} INFO - Setting next_dagrun for load_core_layer to 2026-06-19 00:00:00+00:00, run_after=2026-06-20 00:00:00+00:00
[2026-06-19T08:35:58.074+0000] {processor.py:208} INFO - Processing /opt/airflow/dags/etl_core.py took 0.306 seconds
[2026-06-19T08:36:30.353+0000] {processor.py:186} INFO - Started process (PID=280) to work on /opt/airflow/dags/etl_core.py
[2026-06-19T08:36:30.355+0000] {processor.py:914} INFO - Processing file /opt/airflow/dags/etl_core.py for tasks to queue
[2026-06-19T08:36:30.359+0000] {logging_mixin.py:190} INFO - [2026-06-19T08:36:30.359+0000] {dagbag.py:588} INFO - Filling up the DagBag from /opt/airflow/dags/etl_core.py
[2026-06-19T08:36:30.387+0000] {processor.py:925} INFO - DAG(s) 'load_core_layer' retrieved from /opt/airflow/dags/etl_core.py
[2026-06-19T08:36:30.418+0000] {logging_mixin.py:190} INFO - [2026-06-19T08:36:30.418+0000] {dag.py:3239} INFO - Sync 1 DAGs
[2026-06-19T08:36:30.452+0000] {logging_mixin.py:190} INFO - [2026-06-19T08:36:30.451+0000] {dag.py:4180} INFO - Setting next_dagrun for load_core_layer to 2026-06-19 00:00:00+00:00, run_after=2026-06-20 00:00:00+00:00
[2026-06-19T08:36:30.507+0000] {processor.py:208} INFO - Processing /opt/airflow/dags/etl_core.py took 0.164 seconds
[2026-06-19T08:37:01.633+0000] {processor.py:186} INFO - Started process (PID=290) to work on /opt/airflow/dags/etl_core.py
[2026-06-19T08:37:01.636+0000] {processor.py:914} INFO - Processing file /opt/airflow/dags/etl_core.py for tasks to queue
[2026-06-19T08:37:01.641+0000] {logging_mixin.py:190} INFO - [2026-06-19T08:37:01.640+0000] {dagbag.py:588} INFO - Filling up the DagBag from /opt/airflow/dags/etl_core.py
[2026-06-19T08:37:01.669+0000] {processor.py:925} INFO - DAG(s) 'load_core_layer' retrieved from /opt/airflow/dags/etl_core.py
[2026-06-19T08:37:01.704+0000] {logging_mixin.py:190} INFO - [2026-06-19T08:37:01.704+0000] {dag.py:3239} INFO - Sync 1 DAGs
[2026-06-19T08:37:01.742+0000] {logging_mixin.py:190} INFO - [2026-06-19T08:37:01.742+0000] {dag.py:4180} INFO - Setting next_dagrun for load_core_layer to 2026-06-19 00:00:00+00:00, run_after=2026-06-20 00:00:00+00:00
[2026-06-19T08:37:02.006+0000] {processor.py:208} INFO - Processing /opt/airflow/dags/etl_core.py took 0.383 seconds
[2026-06-19T08:37:34.346+0000] {processor.py:186} INFO - Started process (PID=318) to work on /opt/airflow/dags/etl_core.py
[2026-06-19T08:37:34.348+0000] {processor.py:914} INFO - Processing file /opt/airflow/dags/etl_core.py for tasks to queue
[2026-06-19T08:37:34.351+0000] {logging_mixin.py:190} INFO - [2026-06-19T08:37:34.351+0000] {dagbag.py:588} INFO - Filling up the DagBag from /opt/airflow/dags/etl_core.py
[2026-06-19T08:37:34.377+0000] {processor.py:925} INFO - DAG(s) 'load_core_layer' retrieved from /opt/airflow/dags/etl_core.py
[2026-06-19T08:37:34.409+0000] {logging_mixin.py:190} INFO - [2026-06-19T08:37:34.408+0000] {dag.py:3239} INFO - Sync 1 DAGs
[2026-06-19T08:37:34.452+0000] {logging_mixin.py:190} INFO - [2026-06-19T08:37:34.452+0000] {dag.py:4180} INFO - Setting next_dagrun for load_core_layer to 2026-06-19 00:00:00+00:00, run_after=2026-06-20 00:00:00+00:00
[2026-06-19T08:37:34.509+0000] {processor.py:208} INFO - Processing /opt/airflow/dags/etl_core.py took 0.170 seconds
[2026-06-19T08:38:06.031+0000] {processor.py:186} INFO - Started process (PID=328) to work on /opt/airflow/dags/etl_core.py
[2026-06-19T08:38:06.034+0000] {processor.py:914} INFO - Processing file /opt/airflow/dags/etl_core.py for tasks to queue
[2026-06-19T08:38:06.043+0000] {logging_mixin.py:190} INFO - [2026-06-19T08:38:06.042+0000] {dagbag.py:588} INFO - Filling up the DagBag from /opt/airflow/dags/etl_core.py
[2026-06-19T08:38:06.090+0000] {processor.py:925} INFO - DAG(s) 'load_core_layer' retrieved from /opt/airflow/dags/etl_core.py
[2026-06-19T08:38:06.156+0000] {logging_mixin.py:190} INFO - [2026-06-19T08:38:06.156+0000] {dag.py:3239} INFO - Sync 1 DAGs
[2026-06-19T08:38:06.258+0000] {logging_mixin.py:190} INFO - [2026-06-19T08:38:06.256+0000] {dag.py:4180} INFO - Setting next_dagrun for load_core_layer to 2026-06-19 00:00:00+00:00, run_after=2026-06-20 00:00:00+00:00
[2026-06-19T08:38:06.387+0000] {processor.py:208} INFO - Processing /opt/airflow/dags/etl_core.py took 0.375 seconds
[2026-06-19T08:38:37.851+0000] {processor.py:186} INFO - Started process (PID=338) to work on /opt/airflow/dags/etl_core.py
[2026-06-19T08:38:37.864+0000] {processor.py:914} INFO - Processing file /opt/airflow/dags/etl_core.py for tasks to queue
[2026-06-19T08:38:37.874+0000] {logging_mixin.py:190} INFO - [2026-06-19T08:38:37.873+0000] {dagbag.py:588} INFO - Filling up the DagBag from /opt/airflow/dags/etl_core.py
[2026-06-19T08:38:37.957+0000] {processor.py:925} INFO - DAG(s) 'load_core_layer' retrieved from /opt/airflow/dags/etl_core.py
[2026-06-19T08:38:38.043+0000] {logging_mixin.py:190} INFO - [2026-06-19T08:38:38.042+0000] {dag.py:3239} INFO - Sync 1 DAGs
[2026-06-19T08:38:38.164+0000] {logging_mixin.py:190} INFO - [2026-06-19T08:38:38.163+0000] {dag.py:4180} INFO - Setting next_dagrun for load_core_layer to 2026-06-19 00:00:00+00:00, run_after=2026-06-20 00:00:00+00:00
[2026-06-19T08:38:38.270+0000] {processor.py:208} INFO - Processing /opt/airflow/dags/etl_core.py took 0.457 seconds
[2026-06-19T08:39:09.611+0000] {processor.py:186} INFO - Started process (PID=348) to work on /opt/airflow/dags/etl_core.py
[2026-06-19T08:39:09.614+0000] {processor.py:914} INFO - Processing file /opt/airflow/dags/etl_core.py for tasks to queue
[2026-06-19T08:39:09.620+0000] {logging_mixin.py:190} INFO - [2026-06-19T08:39:09.619+0000] {dagbag.py:588} INFO - Filling up the DagBag from /opt/airflow/dags/etl_core.py
[2026-06-19T08:39:09.665+0000] {processor.py:925} INFO - DAG(s) 'load_core_layer' retrieved from /opt/airflow/dags/etl_core.py
[2026-06-19T08:39:09.721+0000] {logging_mixin.py:190} INFO - [2026-06-19T08:39:09.721+0000] {dag.py:3239} INFO - Sync 1 DAGs
[2026-06-19T08:39:09.777+0000] {logging_mixin.py:190} INFO - [2026-06-19T08:39:09.777+0000] {dag.py:4180} INFO - Setting next_dagrun for load_core_layer to 2026-06-19 00:00:00+00:00, run_after=2026-06-20 00:00:00+00:00
[2026-06-19T08:39:09.852+0000] {processor.py:208} INFO - Processing /opt/airflow/dags/etl_core.py took 0.259 seconds
[2026-06-19T08:39:41.122+0000] {processor.py:186} INFO - Started process (PID=358) to work on /opt/airflow/dags/etl_core.py
[2026-06-19T08:39:41.125+0000] {processor.py:914} INFO - Processing file /opt/airflow/dags/etl_core.py for tasks to queue
[2026-06-19T08:39:41.130+0000] {logging_mixin.py:190} INFO - [2026-06-19T08:39:41.130+0000] {dagbag.py:588} INFO - Filling up the DagBag from /opt/airflow/dags/etl_core.py
[2026-06-19T08:39:41.162+0000] {processor.py:925} INFO - DAG(s) 'load_core_layer' retrieved from /opt/airflow/dags/etl_core.py
[2026-06-19T08:39:41.226+0000] {logging_mixin.py:190} INFO - [2026-06-19T08:39:41.224+0000] {dag.py:3239} INFO - Sync 1 DAGs
[2026-06-19T08:39:41.289+0000] {logging_mixin.py:190} INFO - [2026-06-19T08:39:41.288+0000] {dag.py:4180} INFO - Setting next_dagrun for load_core_layer to 2026-06-19 00:00:00+00:00, run_after=2026-06-20 00:00:00+00:00
[2026-06-19T08:39:41.369+0000] {processor.py:208} INFO - Processing /opt/airflow/dags/etl_core.py took 0.262 seconds
[2026-06-19T08:40:13.518+0000] {processor.py:186} INFO - Started process (PID=368) to work on /opt/airflow/dags/etl_core.py
[2026-06-19T08:40:13.521+0000] {processor.py:914} INFO - Processing file /opt/airflow/dags/etl_core.py for tasks to queue
[2026-06-19T08:40:13.530+0000] {logging_mixin.py:190} INFO - [2026-06-19T08:40:13.529+0000] {dagbag.py:588} INFO - Filling up the DagBag from /opt/airflow/dags/etl_core.py
[2026-06-19T08:40:13.568+0000] {processor.py:925} INFO - DAG(s) 'load_core_layer' retrieved from /opt/airflow/dags/etl_core.py
[2026-06-19T08:40:13.606+0000] {logging_mixin.py:190} INFO - [2026-06-19T08:40:13.606+0000] {dag.py:3239} INFO - Sync 1 DAGs
[2026-06-19T08:40:13.649+0000] {logging_mixin.py:190} INFO - [2026-06-19T08:40:13.649+0000] {dag.py:4180} INFO - Setting next_dagrun for load_core_layer to 2026-06-19 00:00:00+00:00, run_after=2026-06-20 00:00:00+00:00
[2026-06-19T08:40:13.719+0000] {processor.py:208} INFO - Processing /opt/airflow/dags/etl_core.py took 0.220 seconds
[2026-06-19T08:40:44.614+0000] {processor.py:186} INFO - Started process (PID=378) to work on /opt/airflow/dags/etl_core.py
[2026-06-19T08:40:44.616+0000] {processor.py:914} INFO - Processing file /opt/airflow/dags/etl_core.py for tasks to queue
[2026-06-19T08:40:44.620+0000] {logging_mixin.py:190} INFO - [2026-06-19T08:40:44.620+0000] {dagbag.py:588} INFO - Filling up the DagBag from /opt/airflow/dags/etl_core.py
[2026-06-19T08:40:44.651+0000] {processor.py:925} INFO - DAG(s) 'load_core_layer' retrieved from /opt/airflow/dags/etl_core.py
[2026-06-19T08:40:44.687+0000] {logging_mixin.py:190} INFO - [2026-06-19T08:40:44.687+0000] {dag.py:3239} INFO - Sync 1 DAGs
[2026-06-19T08:40:44.730+0000] {logging_mixin.py:190} INFO - [2026-06-19T08:40:44.729+0000] {dag.py:4180} INFO - Setting next_dagrun for load_core_layer to 2026-06-19 00:00:00+00:00, run_after=2026-06-20 00:00:00+00:00
[2026-06-19T08:40:44.832+0000] {processor.py:208} INFO - Processing /opt/airflow/dags/etl_core.py took 0.227 seconds
[2026-06-19T08:41:15.890+0000] {processor.py:186} INFO - Started process (PID=388) to work on /opt/airflow/dags/etl_core.py
[2026-06-19T08:41:15.892+0000] {processor.py:914} INFO - Processing file /opt/airflow/dags/etl_core.py for tasks to queue
[2026-06-19T08:41:15.896+0000] {logging_mixin.py:190} INFO - [2026-06-19T08:41:15.896+0000] {dagbag.py:588} INFO - Filling up the DagBag from /opt/airflow/dags/etl_core.py
[2026-06-19T08:41:15.930+0000] {processor.py:925} INFO - DAG(s) 'load_core_layer' retrieved from /opt/airflow/dags/etl_core.py
[2026-06-19T08:41:15.972+0000] {logging_mixin.py:190} INFO - [2026-06-19T08:41:15.972+0000] {dag.py:3239} INFO - Sync 1 DAGs
[2026-06-19T08:41:16.015+0000] {logging_mixin.py:190} INFO - [2026-06-19T08:41:16.015+0000] {dag.py:4180} INFO - Setting next_dagrun for load_core_layer to 2026-06-19 00:00:00+00:00, run_after=2026-06-20 00:00:00+00:00
[2026-06-19T08:41:16.784+0000] {processor.py:208} INFO - Processing /opt/airflow/dags/etl_core.py took 0.909 seconds
[2026-06-19T08:41:47.406+0000] {processor.py:186} INFO - Started process (PID=398) to work on /opt/airflow/dags/etl_core.py
[2026-06-19T08:41:47.408+0000] {processor.py:914} INFO - Processing file /opt/airflow/dags/etl_core.py for tasks to queue
[2026-06-19T08:41:47.413+0000] {logging_mixin.py:190} INFO - [2026-06-19T08:41:47.412+0000] {dagbag.py:588} INFO - Filling up the DagBag from /opt/airflow/dags/etl_core.py
[2026-06-19T08:41:47.440+0000] {processor.py:925} INFO - DAG(s) 'load_core_layer' retrieved from /opt/airflow/dags/etl_core.py
[2026-06-19T08:41:47.470+0000] {logging_mixin.py:190} INFO - [2026-06-19T08:41:47.470+0000] {dag.py:3239} INFO - Sync 1 DAGs
[2026-06-19T08:41:47.506+0000] {logging_mixin.py:190} INFO - [2026-06-19T08:41:47.506+0000] {dag.py:4180} INFO - Setting next_dagrun for load_core_layer to 2026-06-19 00:00:00+00:00, run_after=2026-06-20 00:00:00+00:00
[2026-06-19T08:41:47.573+0000] {processor.py:208} INFO - Processing /opt/airflow/dags/etl_core.py took 0.176 seconds
[2026-06-19T08:42:17.942+0000] {processor.py:186} INFO - Started process (PID=408) to work on /opt/airflow/dags/etl_core.py
[2026-06-19T08:42:17.944+0000] {processor.py:914} INFO - Processing file /opt/airflow/dags/etl_core.py for tasks to queue
[2026-06-19T08:42:17.948+0000] {logging_mixin.py:190} INFO - [2026-06-19T08:42:17.948+0000] {dagbag.py:588} INFO - Filling up the DagBag from /opt/airflow/dags/etl_core.py
[2026-06-19T08:42:17.976+0000] {processor.py:925} INFO - DAG(s) 'load_core_layer' retrieved from /opt/airflow/dags/etl_core.py
[2026-06-19T08:42:18.013+0000] {logging_mixin.py:190} INFO - [2026-06-19T08:42:18.013+0000] {dag.py:3239} INFO - Sync 1 DAGs
[2026-06-19T08:42:18.051+0000] {logging_mixin.py:190} INFO - [2026-06-19T08:42:18.050+0000] {dag.py:4180} INFO - Setting next_dagrun for load_core_layer to 2026-06-19 00:00:00+00:00, run_after=2026-06-20 00:00:00+00:00
[2026-06-19T08:42:18.124+0000] {processor.py:208} INFO - Processing /opt/airflow/dags/etl_core.py took 0.194 seconds
[2026-06-19T08:42:48.547+0000] {processor.py:186} INFO - Started process (PID=418) to work on /opt/airflow/dags/etl_core.py
[2026-06-19T08:42:48.550+0000] {processor.py:914} INFO - Processing file /opt/airflow/dags/etl_core.py for tasks to queue
[2026-06-19T08:42:48.556+0000] {logging_mixin.py:190} INFO - [2026-06-19T08:42:48.555+0000] {dagbag.py:588} INFO - Filling up the DagBag from /opt/airflow/dags/etl_core.py
[2026-06-19T08:42:48.593+0000] {processor.py:925} INFO - DAG(s) 'load_core_layer' retrieved from /opt/airflow/dags/etl_core.py
[2026-06-19T08:42:48.632+0000] {logging_mixin.py:190} INFO - [2026-06-19T08:42:48.632+0000] {dag.py:3239} INFO - Sync 1 DAGs
[2026-06-19T08:42:48.670+0000] {logging_mixin.py:190} INFO - [2026-06-19T08:42:48.669+0000] {dag.py:4180} INFO - Setting next_dagrun for load_core_layer to 2026-06-19 00:00:00+00:00, run_after=2026-06-20 00:00:00+00:00
[2026-06-19T08:42:48.774+0000] {processor.py:208} INFO - Processing /opt/airflow/dags/etl_core.py took 0.243 seconds
[2026-06-19T08:43:19.256+0000] {processor.py:186} INFO - Started process (PID=428) to work on /opt/airflow/dags/etl_core.py
[2026-06-19T08:43:19.258+0000] {processor.py:914} INFO - Processing file /opt/airflow/dags/etl_core.py for tasks to queue
[2026-06-19T08:43:19.262+0000] {logging_mixin.py:190} INFO - [2026-06-19T08:43:19.262+0000] {dagbag.py:588} INFO - Filling up the DagBag from /opt/airflow/dags/etl_core.py
[2026-06-19T08:43:19.294+0000] {processor.py:925} INFO - DAG(s) 'load_core_layer' retrieved from /opt/airflow/dags/etl_core.py
[2026-06-19T08:43:19.325+0000] {logging_mixin.py:190} INFO - [2026-06-19T08:43:19.325+0000] {dag.py:3239} INFO - Sync 1 DAGs
[2026-06-19T08:43:19.362+0000] {logging_mixin.py:190} INFO - [2026-06-19T08:43:19.362+0000] {dag.py:4180} INFO - Setting next_dagrun for load_core_layer to 2026-06-19 00:00:00+00:00, run_after=2026-06-20 00:00:00+00:00
[2026-06-19T08:43:19.549+0000] {processor.py:208} INFO - Processing /opt/airflow/dags/etl_core.py took 0.303 seconds
[2026-06-19T08:43:49.725+0000] {processor.py:186} INFO - Started process (PID=438) to work on /opt/airflow/dags/etl_core.py
[2026-06-19T08:43:49.727+0000] {processor.py:914} INFO - Processing file /opt/airflow/dags/etl_core.py for tasks to queue
[2026-06-19T08:43:49.731+0000] {logging_mixin.py:190} INFO - [2026-06-19T08:43:49.730+0000] {dagbag.py:588} INFO - Filling up the DagBag from /opt/airflow/dags/etl_core.py
[2026-06-19T08:43:49.758+0000] {processor.py:925} INFO - DAG(s) 'load_core_layer' retrieved from /opt/airflow/dags/etl_core.py
[2026-06-19T08:43:49.789+0000] {logging_mixin.py:190} INFO - [2026-06-19T08:43:49.789+0000] {dag.py:3239} INFO - Sync 1 DAGs
[2026-06-19T08:43:49.826+0000] {logging_mixin.py:190} INFO - [2026-06-19T08:43:49.825+0000] {dag.py:4180} INFO - Setting next_dagrun for load_core_layer to 2026-06-19 00:00:00+00:00, run_after=2026-06-20 00:00:00+00:00
[2026-06-19T08:43:49.898+0000] {processor.py:208} INFO - Processing /opt/airflow/dags/etl_core.py took 0.182 seconds
[2026-06-19T08:44:20.345+0000] {processor.py:186} INFO - Started process (PID=448) to work on /opt/airflow/dags/etl_core.py
[2026-06-19T08:44:20.348+0000] {processor.py:914} INFO - Processing file /opt/airflow/dags/etl_core.py for tasks to queue
[2026-06-19T08:44:20.353+0000] {logging_mixin.py:190} INFO - [2026-06-19T08:44:20.352+0000] {dagbag.py:588} INFO - Filling up the DagBag from /opt/airflow/dags/etl_core.py
[2026-06-19T08:44:20.383+0000] {processor.py:925} INFO - DAG(s) 'load_core_layer' retrieved from /opt/airflow/dags/etl_core.py
[2026-06-19T08:44:20.417+0000] {logging_mixin.py:190} INFO - [2026-06-19T08:44:20.416+0000] {dag.py:3239} INFO - Sync 1 DAGs
[2026-06-19T08:44:20.458+0000] {logging_mixin.py:190} INFO - [2026-06-19T08:44:20.457+0000] {dag.py:4180} INFO - Setting next_dagrun for load_core_layer to 2026-06-19 00:00:00+00:00, run_after=2026-06-20 00:00:00+00:00
[2026-06-19T08:44:20.510+0000] {processor.py:208} INFO - Processing /opt/airflow/dags/etl_core.py took 0.175 seconds
